2022-10-19 00:03:49 [INF]: Started program
2022-10-19 00:03:49 [INF]: starting execution
2022-10-19 00:03:49 [DBG]: fetched product: {'id': 1, 'table_name': 'on-ear-kopfhoerer', 'main_url': 'https://amzn.to/3V8qkZC', 'main_price': '269,99', 'star': 4.6, 'review_count': 11916, 'values_changed': False}
2022-10-19 00:03:49 [DBG]: fetched product: {'id': 2, 'table_name': 'on-ear-kopfhoerer', 'main_url': 'https://amzn.to/3ek33mK', 'main_price': '578,99', 'star': 4.6, 'review_count': 5216, 'values_changed': False}
2022-10-19 00:03:49 [DBG]: fetched product: {'id': 3, 'table_name': 'on-ear-kopfhoerer', 'main_url': 'https://amzn.to/3CEgesb', 'main_price': '389,99', 'star': 4.4, 'review_count': 1079, 'values_changed': False}
2022-10-19 00:03:49 [DBG]: fetched product: {'id': 4, 'table_name': 'on-ear-kopfhoerer', 'main_url': 'https://amzn.to/3V7pTi2', 'main_price': '279,00', 'star': 4.5, 'review_count': 9140, 'values_changed': False}
2022-10-19 00:03:49 [DBG]: fetched product: {'id': 5, 'table_name': 'on-ear-kopfhoerer', 'main_url': 'https://amzn.to/3fLL7Sw', 'main_price': '257,00', 'star': 4.5, 'review_count': 22308, 'values_changed': False}
2022-10-19 00:03:49 [DBG]: fetched product: {'id': 6, 'table_name': 'on-ear-kopfhoerer', 'main_url': 'https://amzn.to/3fSOg3a', 'main_price': '239,99', 'star': 4.5, 'review_count': 7652, 'values_changed': False}
2022-10-19 00:03:49 [DBG]: fetched product: {'id': 7, 'table_name': 'on-ear-kopfhoerer', 'main_url': 'https://amzn.to/3ChExe0', 'main_price': '91,40', 'star': 4.0, 'review_count': 375, 'values_changed': False}
2022-10-19 00:03:49 [DBG]: fetched product: {'id': 8, 'table_name': 'on-ear-kopfhoerer', 'main_url': 'https://amzn.to/3RI3pRO', 'main_price': '265,00', 'star': 4.4, 'review_count': 2930, 'values_changed': False}
2022-10-19 00:03:49 [DBG]: fetched product: {'id': 1, 'table_name': 'waschmaschinen', 'main_url': '', 'main_price': '', 'star': 0.0, 'review_count': 0, 'values_changed': False}
2022-10-19 00:03:49 [DBG]: main list:[[{'id': 1, 'table_name': 'on-ear-kopfhoerer', 'main_url': 'https://amzn.to/3V8qkZC', 'main_price': '269,99', 'star': 4.6, 'review_count': 11916, 'values_changed': False}, {'id': 2, 'table_name': 'on-ear-kopfhoerer', 'main_url': 'https://amzn.to/3ek33mK', 'main_price': '578,99', 'star': 4.6, 'review_count': 5216, 'values_changed': False}, {'id': 3, 'table_name': 'on-ear-kopfhoerer', 'main_url': 'https://amzn.to/3CEgesb', 'main_price': '389,99', 'star': 4.4, 'review_count': 1079, 'values_changed': False}, {'id': 4, 'table_name': 'on-ear-kopfhoerer', 'main_url': 'https://amzn.to/3V7pTi2', 'main_price': '279,00', 'star': 4.5, 'review_count': 9140, 'values_changed': False}, {'id': 5, 'table_name': 'on-ear-kopfhoerer', 'main_url': 'https://amzn.to/3fLL7Sw', 'main_price': '257,00', 'star': 4.5, 'review_count': 22308, 'values_changed': False}, {'id': 6, 'table_name': 'on-ear-kopfhoerer', 'main_url': 'https://amzn.to/3fSOg3a', 'main_price': '239,99', 'star': 4.5, 'review_count': 7652, 'values_changed': False}, {'id': 7, 'table_name': 'on-ear-kopfhoerer', 'main_url': 'https://amzn.to/3ChExe0', 'main_price': '91,40', 'star': 4.0, 'review_count': 375, 'values_changed': False}, {'id': 8, 'table_name': 'on-ear-kopfhoerer', 'main_url': 'https://amzn.to/3RI3pRO', 'main_price': '265,00', 'star': 4.4, 'review_count': 2930, 'values_changed': False}], [{'id': 1, 'table_name': 'waschmaschinen', 'main_url': '', 'main_price': '', 'star': 0.0, 'review_count': 0, 'values_changed': False}]]
2022-10-19 00:04:17 [INF]: Started program
2022-10-19 00:04:17 [INF]: starting execution
2022-10-19 00:04:17 [DBG]: fetched product: {'id': 1, 'table_name': 'on-ear-kopfhoerer', 'main_url': 'https://amzn.to/3V8qkZC', 'main_price': '269,99', 'star': 4.6, 'review_count': 11916, 'values_changed': False}
2022-10-19 00:04:17 [DBG]: fetched product: {'id': 2, 'table_name': 'on-ear-kopfhoerer', 'main_url': 'https://amzn.to/3ek33mK', 'main_price': '578,99', 'star': 4.6, 'review_count': 5216, 'values_changed': False}
2022-10-19 00:04:17 [DBG]: fetched product: {'id': 3, 'table_name': 'on-ear-kopfhoerer', 'main_url': 'https://amzn.to/3CEgesb', 'main_price': '389,99', 'star': 4.4, 'review_count': 1079, 'values_changed': False}
2022-10-19 00:04:17 [DBG]: fetched product: {'id': 4, 'table_name': 'on-ear-kopfhoerer', 'main_url': 'https://amzn.to/3V7pTi2', 'main_price': '279,00', 'star': 4.5, 'review_count': 9140, 'values_changed': False}
2022-10-19 00:04:17 [DBG]: fetched product: {'id': 5, 'table_name': 'on-ear-kopfhoerer', 'main_url': 'https://amzn.to/3fLL7Sw', 'main_price': '257,00', 'star': 4.5, 'review_count': 22308, 'values_changed': False}
2022-10-19 00:04:17 [DBG]: fetched product: {'id': 6, 'table_name': 'on-ear-kopfhoerer', 'main_url': 'https://amzn.to/3fSOg3a', 'main_price': '239,99', 'star': 4.5, 'review_count': 7652, 'values_changed': False}
2022-10-19 00:04:17 [DBG]: fetched product: {'id': 7, 'table_name': 'on-ear-kopfhoerer', 'main_url': 'https://amzn.to/3ChExe0', 'main_price': '91,40', 'star': 4.0, 'review_count': 375, 'values_changed': False}
2022-10-19 00:04:17 [DBG]: fetched product: {'id': 8, 'table_name': 'on-ear-kopfhoerer', 'main_url': 'https://amzn.to/3RI3pRO', 'main_price': '265,00', 'star': 4.4, 'review_count': 2930, 'values_changed': False}
2022-10-19 00:04:17 [DBG]: fetched product: {'id': 1, 'table_name': 'waschmaschinen', 'main_url': '', 'main_price': '', 'star': 0.0, 'review_count': 0, 'values_changed': False}
2022-10-19 00:04:17 [DBG]: main list:[[{'id': 1, 'table_name': 'on-ear-kopfhoerer', 'main_url': 'https://amzn.to/3V8qkZC', 'main_price': '269,99', 'star': 4.6, 'review_count': 11916, 'values_changed': False}, {'id': 2, 'table_name': 'on-ear-kopfhoerer', 'main_url': 'https://amzn.to/3ek33mK', 'main_price': '578,99', 'star': 4.6, 'review_count': 5216, 'values_changed': False}, {'id': 3, 'table_name': 'on-ear-kopfhoerer', 'main_url': 'https://amzn.to/3CEgesb', 'main_price': '389,99', 'star': 4.4, 'review_count': 1079, 'values_changed': False}, {'id': 4, 'table_name': 'on-ear-kopfhoerer', 'main_url': 'https://amzn.to/3V7pTi2', 'main_price': '279,00', 'star': 4.5, 'review_count': 9140, 'values_changed': False}, {'id': 5, 'table_name': 'on-ear-kopfhoerer', 'main_url': 'https://amzn.to/3fLL7Sw', 'main_price': '257,00', 'star': 4.5, 'review_count': 22308, 'values_changed': False}, {'id': 6, 'table_name': 'on-ear-kopfhoerer', 'main_url': 'https://amzn.to/3fSOg3a', 'main_price': '239,99', 'star': 4.5, 'review_count': 7652, 'values_changed': False}, {'id': 7, 'table_name': 'on-ear-kopfhoerer', 'main_url': 'https://amzn.to/3ChExe0', 'main_price': '91,40', 'star': 4.0, 'review_count': 375, 'values_changed': False}, {'id': 8, 'table_name': 'on-ear-kopfhoerer', 'main_url': 'https://amzn.to/3RI3pRO', 'main_price': '265,00', 'star': 4.4, 'review_count': 2930, 'values_changed': False}], [{'id': 1, 'table_name': 'waschmaschinen', 'main_url': '', 'main_price': '', 'star': 0.0, 'review_count': 0, 'values_changed': False}]]
2022-10-19 00:05:55 [INF]: Started program
2022-10-19 00:05:55 [INF]: starting execution
2022-10-19 00:05:55 [DBG]: fetched product: {'id': 1, 'table_name': 'on-ear-kopfhoerer', 'main_url': 'https://amzn.to/3V8qkZC', 'main_price': '269,99', 'star': 4.6, 'review_count': 11916, 'values_changed': False}
2022-10-19 00:05:55 [DBG]: fetched product: {'id': 2, 'table_name': 'on-ear-kopfhoerer', 'main_url': 'https://amzn.to/3ek33mK', 'main_price': '578,99', 'star': 4.6, 'review_count': 5216, 'values_changed': False}
2022-10-19 00:05:55 [DBG]: fetched product: {'id': 3, 'table_name': 'on-ear-kopfhoerer', 'main_url': 'https://amzn.to/3CEgesb', 'main_price': '389,99', 'star': 4.4, 'review_count': 1079, 'values_changed': False}
2022-10-19 00:05:55 [DBG]: fetched product: {'id': 4, 'table_name': 'on-ear-kopfhoerer', 'main_url': 'https://amzn.to/3V7pTi2', 'main_price': '279,00', 'star': 4.5, 'review_count': 9140, 'values_changed': False}
2022-10-19 00:05:55 [DBG]: fetched product: {'id': 5, 'table_name': 'on-ear-kopfhoerer', 'main_url': 'https://amzn.to/3fLL7Sw', 'main_price': '257,00', 'star': 4.5, 'review_count': 22308, 'values_changed': False}
2022-10-19 00:05:55 [DBG]: fetched product: {'id': 6, 'table_name': 'on-ear-kopfhoerer', 'main_url': 'https://amzn.to/3fSOg3a', 'main_price': '239,99', 'star': 4.5, 'review_count': 7652, 'values_changed': False}
2022-10-19 00:05:55 [DBG]: fetched product: {'id': 7, 'table_name': 'on-ear-kopfhoerer', 'main_url': 'https://amzn.to/3ChExe0', 'main_price': '91,40', 'star': 4.0, 'review_count': 375, 'values_changed': False}
2022-10-19 00:05:55 [DBG]: fetched product: {'id': 8, 'table_name': 'on-ear-kopfhoerer', 'main_url': 'https://amzn.to/3RI3pRO', 'main_price': '265,00', 'star': 4.4, 'review_count': 2930, 'values_changed': False}
2022-10-19 00:05:55 [DBG]: fetched product: {'id': 1, 'table_name': 'waschmaschinen', 'main_url': '', 'main_price': '', 'star': 0.0, 'review_count': 0, 'values_changed': False}
2022-10-19 00:05:55 [DBG]: main list:[[{'id': 1, 'table_name': 'on-ear-kopfhoerer', 'main_url': 'https://amzn.to/3V8qkZC', 'main_price': '269,99', 'star': 4.6, 'review_count': 11916, 'values_changed': False}, {'id': 2, 'table_name': 'on-ear-kopfhoerer', 'main_url': 'https://amzn.to/3ek33mK', 'main_price': '578,99', 'star': 4.6, 'review_count': 5216, 'values_changed': False}, {'id': 3, 'table_name': 'on-ear-kopfhoerer', 'main_url': 'https://amzn.to/3CEgesb', 'main_price': '389,99', 'star': 4.4, 'review_count': 1079, 'values_changed': False}, {'id': 4, 'table_name': 'on-ear-kopfhoerer', 'main_url': 'https://amzn.to/3V7pTi2', 'main_price': '279,00', 'star': 4.5, 'review_count': 9140, 'values_changed': False}, {'id': 5, 'table_name': 'on-ear-kopfhoerer', 'main_url': 'https://amzn.to/3fLL7Sw', 'main_price': '257,00', 'star': 4.5, 'review_count': 22308, 'values_changed': False}, {'id': 6, 'table_name': 'on-ear-kopfhoerer', 'main_url': 'https://amzn.to/3fSOg3a', 'main_price': '239,99', 'star': 4.5, 'review_count': 7652, 'values_changed': False}, {'id': 7, 'table_name': 'on-ear-kopfhoerer', 'main_url': 'https://amzn.to/3ChExe0', 'main_price': '91,40', 'star': 4.0, 'review_count': 375, 'values_changed': False}, {'id': 8, 'table_name': 'on-ear-kopfhoerer', 'main_url': 'https://amzn.to/3RI3pRO', 'main_price': '265,00', 'star': 4.4, 'review_count': 2930, 'values_changed': False}], [{'id': 1, 'table_name': 'waschmaschinen', 'main_url': '', 'main_price': '', 'star': 0.0, 'review_count': 0, 'values_changed': False}]]
2022-10-19 00:07:01 [INF]: Started program
2022-10-19 00:07:01 [INF]: starting execution
2022-10-19 00:07:01 [DBG]: fetched product: {'id': 1, 'table_name': 'on-ear-kopfhoerer', 'main_url': 'https://amzn.to/3V8qkZC', 'main_price': '269,99', 'star': 4.6, 'review_count': 11916, 'values_changed': False}
2022-10-19 00:07:01 [DBG]: fetched product: {'id': 2, 'table_name': 'on-ear-kopfhoerer', 'main_url': 'https://amzn.to/3ek33mK', 'main_price': '578,99', 'star': 4.6, 'review_count': 5216, 'values_changed': False}
2022-10-19 00:07:01 [DBG]: fetched product: {'id': 3, 'table_name': 'on-ear-kopfhoerer', 'main_url': 'https://amzn.to/3CEgesb', 'main_price': '389,99', 'star': 4.4, 'review_count': 1079, 'values_changed': False}
2022-10-19 00:07:01 [DBG]: fetched product: {'id': 4, 'table_name': 'on-ear-kopfhoerer', 'main_url': 'https://amzn.to/3V7pTi2', 'main_price': '279,00', 'star': 4.5, 'review_count': 9140, 'values_changed': False}
2022-10-19 00:07:01 [DBG]: fetched product: {'id': 5, 'table_name': 'on-ear-kopfhoerer', 'main_url': 'https://amzn.to/3fLL7Sw', 'main_price': '257,00', 'star': 4.5, 'review_count': 22308, 'values_changed': False}
2022-10-19 00:07:01 [DBG]: fetched product: {'id': 6, 'table_name': 'on-ear-kopfhoerer', 'main_url': 'https://amzn.to/3fSOg3a', 'main_price': '239,99', 'star': 4.5, 'review_count': 7652, 'values_changed': False}
2022-10-19 00:07:01 [DBG]: fetched product: {'id': 7, 'table_name': 'on-ear-kopfhoerer', 'main_url': 'https://amzn.to/3ChExe0', 'main_price': '91,40', 'star': 4.0, 'review_count': 375, 'values_changed': False}
2022-10-19 00:07:01 [DBG]: fetched product: {'id': 8, 'table_name': 'on-ear-kopfhoerer', 'main_url': 'https://amzn.to/3RI3pRO', 'main_price': '265,00', 'star': 4.4, 'review_count': 2930, 'values_changed': False}
2022-10-19 00:07:01 [DBG]: fetched product: {'id': 1, 'table_name': 'waschmaschinen', 'main_url': '', 'main_price': '', 'star': 0.0, 'review_count': 0, 'values_changed': False}
2022-10-19 00:07:01 [DBG]: main list:[[{'id': 1, 'table_name': 'on-ear-kopfhoerer', 'main_url': 'https://amzn.to/3V8qkZC', 'main_price': '269,99', 'star': 4.6, 'review_count': 11916, 'values_changed': False}, {'id': 2, 'table_name': 'on-ear-kopfhoerer', 'main_url': 'https://amzn.to/3ek33mK', 'main_price': '578,99', 'star': 4.6, 'review_count': 5216, 'values_changed': False}, {'id': 3, 'table_name': 'on-ear-kopfhoerer', 'main_url': 'https://amzn.to/3CEgesb', 'main_price': '389,99', 'star': 4.4, 'review_count': 1079, 'values_changed': False}, {'id': 4, 'table_name': 'on-ear-kopfhoerer', 'main_url': 'https://amzn.to/3V7pTi2', 'main_price': '279,00', 'star': 4.5, 'review_count': 9140, 'values_changed': False}, {'id': 5, 'table_name': 'on-ear-kopfhoerer', 'main_url': 'https://amzn.to/3fLL7Sw', 'main_price': '257,00', 'star': 4.5, 'review_count': 22308, 'values_changed': False}, {'id': 6, 'table_name': 'on-ear-kopfhoerer', 'main_url': 'https://amzn.to/3fSOg3a', 'main_price': '239,99', 'star': 4.5, 'review_count': 7652, 'values_changed': False}, {'id': 7, 'table_name': 'on-ear-kopfhoerer', 'main_url': 'https://amzn.to/3ChExe0', 'main_price': '91,40', 'star': 4.0, 'review_count': 375, 'values_changed': False}, {'id': 8, 'table_name': 'on-ear-kopfhoerer', 'main_url': 'https://amzn.to/3RI3pRO', 'main_price': '265,00', 'star': 4.4, 'review_count': 2930, 'values_changed': False}], [{'id': 1, 'table_name': 'waschmaschinen', 'main_url': '', 'main_price': '', 'star': 0.0, 'review_count': 0, 'values_changed': False}]]
2022-10-19 00:07:30 [INF]: Started program
2022-10-19 00:07:30 [INF]: starting execution
2022-10-19 00:07:30 [DBG]: fetched product: {'id': 1, 'table_name': 'on-ear-kopfhoerer', 'main_url': 'https://amzn.to/3V8qkZC', 'main_price': '269,99', 'star': 4.6, 'review_count': 11916, 'values_changed': False}
2022-10-19 00:07:30 [DBG]: fetched product: {'id': 2, 'table_name': 'on-ear-kopfhoerer', 'main_url': 'https://amzn.to/3ek33mK', 'main_price': '578,99', 'star': 4.6, 'review_count': 5216, 'values_changed': False}
2022-10-19 00:07:30 [DBG]: fetched product: {'id': 3, 'table_name': 'on-ear-kopfhoerer', 'main_url': 'https://amzn.to/3CEgesb', 'main_price': '389,99', 'star': 4.4, 'review_count': 1079, 'values_changed': False}
2022-10-19 00:07:30 [DBG]: fetched product: {'id': 4, 'table_name': 'on-ear-kopfhoerer', 'main_url': 'https://amzn.to/3V7pTi2', 'main_price': '279,00', 'star': 4.5, 'review_count': 9140, 'values_changed': False}
2022-10-19 00:07:30 [DBG]: fetched product: {'id': 5, 'table_name': 'on-ear-kopfhoerer', 'main_url': 'https://amzn.to/3fLL7Sw', 'main_price': '257,00', 'star': 4.5, 'review_count': 22308, 'values_changed': False}
2022-10-19 00:07:30 [DBG]: fetched product: {'id': 6, 'table_name': 'on-ear-kopfhoerer', 'main_url': 'https://amzn.to/3fSOg3a', 'main_price': '239,99', 'star': 4.5, 'review_count': 7652, 'values_changed': False}
2022-10-19 00:07:30 [DBG]: fetched product: {'id': 7, 'table_name': 'on-ear-kopfhoerer', 'main_url': 'https://amzn.to/3ChExe0', 'main_price': '91,40', 'star': 4.0, 'review_count': 375, 'values_changed': False}
2022-10-19 00:07:30 [DBG]: fetched product: {'id': 8, 'table_name': 'on-ear-kopfhoerer', 'main_url': 'https://amzn.to/3RI3pRO', 'main_price': '265,00', 'star': 4.4, 'review_count': 2930, 'values_changed': False}
2022-10-19 00:07:30 [DBG]: fetched product: {'id': 1, 'table_name': 'waschmaschinen', 'main_url': '', 'main_price': '', 'star': 0.0, 'review_count': 0, 'values_changed': False}
2022-10-19 00:07:30 [DBG]: main list:[[{'id': 1, 'table_name': 'on-ear-kopfhoerer', 'main_url': 'https://amzn.to/3V8qkZC', 'main_price': '269,99', 'star': 4.6, 'review_count': 11916, 'values_changed': False}, {'id': 2, 'table_name': 'on-ear-kopfhoerer', 'main_url': 'https://amzn.to/3ek33mK', 'main_price': '578,99', 'star': 4.6, 'review_count': 5216, 'values_changed': False}, {'id': 3, 'table_name': 'on-ear-kopfhoerer', 'main_url': 'https://amzn.to/3CEgesb', 'main_price': '389,99', 'star': 4.4, 'review_count': 1079, 'values_changed': False}, {'id': 4, 'table_name': 'on-ear-kopfhoerer', 'main_url': 'https://amzn.to/3V7pTi2', 'main_price': '279,00', 'star': 4.5, 'review_count': 9140, 'values_changed': False}, {'id': 5, 'table_name': 'on-ear-kopfhoerer', 'main_url': 'https://amzn.to/3fLL7Sw', 'main_price': '257,00', 'star': 4.5, 'review_count': 22308, 'values_changed': False}, {'id': 6, 'table_name': 'on-ear-kopfhoerer', 'main_url': 'https://amzn.to/3fSOg3a', 'main_price': '239,99', 'star': 4.5, 'review_count': 7652, 'values_changed': False}, {'id': 7, 'table_name': 'on-ear-kopfhoerer', 'main_url': 'https://amzn.to/3ChExe0', 'main_price': '91,40', 'star': 4.0, 'review_count': 375, 'values_changed': False}, {'id': 8, 'table_name': 'on-ear-kopfhoerer', 'main_url': 'https://amzn.to/3RI3pRO', 'main_price': '265,00', 'star': 4.4, 'review_count': 2930, 'values_changed': False}], [{'id': 1, 'table_name': 'waschmaschinen', 'main_url': '', 'main_price': '', 'star': 0.0, 'review_count': 0, 'values_changed': False}]]
2022-10-19 00:07:48 [INF]: Started program
2022-10-19 00:07:48 [INF]: starting execution
2022-10-19 00:07:48 [DBG]: fetched product: {'id': 1, 'table_name': 'on-ear-kopfhoerer', 'main_url': 'https://amzn.to/3V8qkZC', 'main_price': '269,99', 'star': 4.6, 'review_count': 11916, 'values_changed': False}
2022-10-19 00:07:48 [DBG]: fetched product: {'id': 2, 'table_name': 'on-ear-kopfhoerer', 'main_url': 'https://amzn.to/3ek33mK', 'main_price': '578,99', 'star': 4.6, 'review_count': 5216, 'values_changed': False}
2022-10-19 00:07:48 [DBG]: fetched product: {'id': 3, 'table_name': 'on-ear-kopfhoerer', 'main_url': 'https://amzn.to/3CEgesb', 'main_price': '389,99', 'star': 4.4, 'review_count': 1079, 'values_changed': False}
2022-10-19 00:07:48 [DBG]: fetched product: {'id': 4, 'table_name': 'on-ear-kopfhoerer', 'main_url': 'https://amzn.to/3V7pTi2', 'main_price': '279,00', 'star': 4.5, 'review_count': 9140, 'values_changed': False}
2022-10-19 00:07:48 [DBG]: fetched product: {'id': 5, 'table_name': 'on-ear-kopfhoerer', 'main_url': 'https://amzn.to/3fLL7Sw', 'main_price': '257,00', 'star': 4.5, 'review_count': 22308, 'values_changed': False}
2022-10-19 00:07:48 [DBG]: fetched product: {'id': 6, 'table_name': 'on-ear-kopfhoerer', 'main_url': 'https://amzn.to/3fSOg3a', 'main_price': '239,99', 'star': 4.5, 'review_count': 7652, 'values_changed': False}
2022-10-19 00:07:48 [DBG]: fetched product: {'id': 7, 'table_name': 'on-ear-kopfhoerer', 'main_url': 'https://amzn.to/3ChExe0', 'main_price': '91,40', 'star': 4.0, 'review_count': 375, 'values_changed': False}
2022-10-19 00:07:48 [DBG]: fetched product: {'id': 8, 'table_name': 'on-ear-kopfhoerer', 'main_url': 'https://amzn.to/3RI3pRO', 'main_price': '265,00', 'star': 4.4, 'review_count': 2930, 'values_changed': False}
2022-10-19 00:07:48 [DBG]: fetched product: {'id': 1, 'table_name': 'waschmaschinen', 'main_url': '', 'main_price': '', 'star': 0.0, 'review_count': 0, 'values_changed': False}
2022-10-19 00:07:48 [DBG]: main list:[[{'id': 1, 'table_name': 'on-ear-kopfhoerer', 'main_url': 'https://amzn.to/3V8qkZC', 'main_price': '269,99', 'star': 4.6, 'review_count': 11916, 'values_changed': False}, {'id': 2, 'table_name': 'on-ear-kopfhoerer', 'main_url': 'https://amzn.to/3ek33mK', 'main_price': '578,99', 'star': 4.6, 'review_count': 5216, 'values_changed': False}, {'id': 3, 'table_name': 'on-ear-kopfhoerer', 'main_url': 'https://amzn.to/3CEgesb', 'main_price': '389,99', 'star': 4.4, 'review_count': 1079, 'values_changed': False}, {'id': 4, 'table_name': 'on-ear-kopfhoerer', 'main_url': 'https://amzn.to/3V7pTi2', 'main_price': '279,00', 'star': 4.5, 'review_count': 9140, 'values_changed': False}, {'id': 5, 'table_name': 'on-ear-kopfhoerer', 'main_url': 'https://amzn.to/3fLL7Sw', 'main_price': '257,00', 'star': 4.5, 'review_count': 22308, 'values_changed': False}, {'id': 6, 'table_name': 'on-ear-kopfhoerer', 'main_url': 'https://amzn.to/3fSOg3a', 'main_price': '239,99', 'star': 4.5, 'review_count': 7652, 'values_changed': False}, {'id': 7, 'table_name': 'on-ear-kopfhoerer', 'main_url': 'https://amzn.to/3ChExe0', 'main_price': '91,40', 'star': 4.0, 'review_count': 375, 'values_changed': False}, {'id': 8, 'table_name': 'on-ear-kopfhoerer', 'main_url': 'https://amzn.to/3RI3pRO', 'main_price': '265,00', 'star': 4.4, 'review_count': 2930, 'values_changed': False}], [{'id': 1, 'table_name': 'waschmaschinen', 'main_url': '', 'main_price': '', 'star': 0.0, 'review_count': 0, 'values_changed': False}]]
2022-10-19 00:08:05 [INF]: Started program
2022-10-19 00:08:05 [INF]: starting execution
2022-10-19 00:08:05 [DBG]: fetched product: {'id': 1, 'table_name': 'on-ear-kopfhoerer', 'main_url': 'https://amzn.to/3V8qkZC', 'main_price': '269,99', 'star': 4.6, 'review_count': 11916, 'values_changed': False}
2022-10-19 00:08:05 [DBG]: fetched product: {'id': 2, 'table_name': 'on-ear-kopfhoerer', 'main_url': 'https://amzn.to/3ek33mK', 'main_price': '578,99', 'star': 4.6, 'review_count': 5216, 'values_changed': False}
2022-10-19 00:08:05 [DBG]: fetched product: {'id': 3, 'table_name': 'on-ear-kopfhoerer', 'main_url': 'https://amzn.to/3CEgesb', 'main_price': '389,99', 'star': 4.4, 'review_count': 1079, 'values_changed': False}
2022-10-19 00:08:05 [DBG]: fetched product: {'id': 4, 'table_name': 'on-ear-kopfhoerer', 'main_url': 'https://amzn.to/3V7pTi2', 'main_price': '279,00', 'star': 4.5, 'review_count': 9140, 'values_changed': False}
2022-10-19 00:08:05 [DBG]: fetched product: {'id': 5, 'table_name': 'on-ear-kopfhoerer', 'main_url': 'https://amzn.to/3fLL7Sw', 'main_price': '257,00', 'star': 4.5, 'review_count': 22308, 'values_changed': False}
2022-10-19 00:08:05 [DBG]: fetched product: {'id': 6, 'table_name': 'on-ear-kopfhoerer', 'main_url': 'https://amzn.to/3fSOg3a', 'main_price': '239,99', 'star': 4.5, 'review_count': 7652, 'values_changed': False}
2022-10-19 00:08:05 [DBG]: fetched product: {'id': 7, 'table_name': 'on-ear-kopfhoerer', 'main_url': 'https://amzn.to/3ChExe0', 'main_price': '91,40', 'star': 4.0, 'review_count': 375, 'values_changed': False}
2022-10-19 00:08:05 [DBG]: fetched product: {'id': 8, 'table_name': 'on-ear-kopfhoerer', 'main_url': 'https://amzn.to/3RI3pRO', 'main_price': '265,00', 'star': 4.4, 'review_count': 2930, 'values_changed': False}
2022-10-19 00:08:05 [DBG]: fetched product: {'id': 1, 'table_name': 'waschmaschinen', 'main_url': '', 'main_price': '', 'star': 0.0, 'review_count': 0, 'values_changed': False}
2022-10-19 00:08:05 [DBG]: main list:[[{'id': 1, 'table_name': 'on-ear-kopfhoerer', 'main_url': 'https://amzn.to/3V8qkZC', 'main_price': '269,99', 'star': 4.6, 'review_count': 11916, 'values_changed': False}, {'id': 2, 'table_name': 'on-ear-kopfhoerer', 'main_url': 'https://amzn.to/3ek33mK', 'main_price': '578,99', 'star': 4.6, 'review_count': 5216, 'values_changed': False}, {'id': 3, 'table_name': 'on-ear-kopfhoerer', 'main_url': 'https://amzn.to/3CEgesb', 'main_price': '389,99', 'star': 4.4, 'review_count': 1079, 'values_changed': False}, {'id': 4, 'table_name': 'on-ear-kopfhoerer', 'main_url': 'https://amzn.to/3V7pTi2', 'main_price': '279,00', 'star': 4.5, 'review_count': 9140, 'values_changed': False}, {'id': 5, 'table_name': 'on-ear-kopfhoerer', 'main_url': 'https://amzn.to/3fLL7Sw', 'main_price': '257,00', 'star': 4.5, 'review_count': 22308, 'values_changed': False}, {'id': 6, 'table_name': 'on-ear-kopfhoerer', 'main_url': 'https://amzn.to/3fSOg3a', 'main_price': '239,99', 'star': 4.5, 'review_count': 7652, 'values_changed': False}, {'id': 7, 'table_name': 'on-ear-kopfhoerer', 'main_url': 'https://amzn.to/3ChExe0', 'main_price': '91,40', 'star': 4.0, 'review_count': 375, 'values_changed': False}, {'id': 8, 'table_name': 'on-ear-kopfhoerer', 'main_url': 'https://amzn.to/3RI3pRO', 'main_price': '265,00', 'star': 4.4, 'review_count': 2930, 'values_changed': False}], [{'id': 1, 'table_name': 'waschmaschinen', 'main_url': '', 'main_price': '', 'star': 0.0, 'review_count': 0, 'values_changed': False}]]
2022-10-19 00:08:14 [INF]: Started program
2022-10-19 00:08:14 [INF]: starting execution
2022-10-19 00:08:14 [DBG]: fetched product: {'id': 1, 'table_name': 'on-ear-kopfhoerer', 'main_url': 'https://amzn.to/3V8qkZC', 'main_price': '269,99', 'star': 4.6, 'review_count': 11916, 'values_changed': False}
2022-10-19 00:08:14 [DBG]: fetched product: {'id': 2, 'table_name': 'on-ear-kopfhoerer', 'main_url': 'https://amzn.to/3ek33mK', 'main_price': '578,99', 'star': 4.6, 'review_count': 5216, 'values_changed': False}
2022-10-19 00:08:14 [DBG]: fetched product: {'id': 3, 'table_name': 'on-ear-kopfhoerer', 'main_url': 'https://amzn.to/3CEgesb', 'main_price': '389,99', 'star': 4.4, 'review_count': 1079, 'values_changed': False}
2022-10-19 00:08:14 [DBG]: fetched product: {'id': 4, 'table_name': 'on-ear-kopfhoerer', 'main_url': 'https://amzn.to/3V7pTi2', 'main_price': '279,00', 'star': 4.5, 'review_count': 9140, 'values_changed': False}
2022-10-19 00:08:14 [DBG]: fetched product: {'id': 5, 'table_name': 'on-ear-kopfhoerer', 'main_url': 'https://amzn.to/3fLL7Sw', 'main_price': '257,00', 'star': 4.5, 'review_count': 22308, 'values_changed': False}
2022-10-19 00:08:14 [DBG]: fetched product: {'id': 6, 'table_name': 'on-ear-kopfhoerer', 'main_url': 'https://amzn.to/3fSOg3a', 'main_price': '239,99', 'star': 4.5, 'review_count': 7652, 'values_changed': False}
2022-10-19 00:08:14 [DBG]: fetched product: {'id': 7, 'table_name': 'on-ear-kopfhoerer', 'main_url': 'https://amzn.to/3ChExe0', 'main_price': '91,40', 'star': 4.0, 'review_count': 375, 'values_changed': False}
2022-10-19 00:08:14 [DBG]: fetched product: {'id': 8, 'table_name': 'on-ear-kopfhoerer', 'main_url': 'https://amzn.to/3RI3pRO', 'main_price': '265,00', 'star': 4.4, 'review_count': 2930, 'values_changed': False}
2022-10-19 00:08:14 [DBG]: fetched product: {'id': 1, 'table_name': 'waschmaschinen', 'main_url': '', 'main_price': '', 'star': 0.0, 'review_count': 0, 'values_changed': False}
2022-10-19 00:08:14 [DBG]: main list:[[{'id': 1, 'table_name': 'on-ear-kopfhoerer', 'main_url': 'https://amzn.to/3V8qkZC', 'main_price': '269,99', 'star': 4.6, 'review_count': 11916, 'values_changed': False}, {'id': 2, 'table_name': 'on-ear-kopfhoerer', 'main_url': 'https://amzn.to/3ek33mK', 'main_price': '578,99', 'star': 4.6, 'review_count': 5216, 'values_changed': False}, {'id': 3, 'table_name': 'on-ear-kopfhoerer', 'main_url': 'https://amzn.to/3CEgesb', 'main_price': '389,99', 'star': 4.4, 'review_count': 1079, 'values_changed': False}, {'id': 4, 'table_name': 'on-ear-kopfhoerer', 'main_url': 'https://amzn.to/3V7pTi2', 'main_price': '279,00', 'star': 4.5, 'review_count': 9140, 'values_changed': False}, {'id': 5, 'table_name': 'on-ear-kopfhoerer', 'main_url': 'https://amzn.to/3fLL7Sw', 'main_price': '257,00', 'star': 4.5, 'review_count': 22308, 'values_changed': False}, {'id': 6, 'table_name': 'on-ear-kopfhoerer', 'main_url': 'https://amzn.to/3fSOg3a', 'main_price': '239,99', 'star': 4.5, 'review_count': 7652, 'values_changed': False}, {'id': 7, 'table_name': 'on-ear-kopfhoerer', 'main_url': 'https://amzn.to/3ChExe0', 'main_price': '91,40', 'star': 4.0, 'review_count': 375, 'values_changed': False}, {'id': 8, 'table_name': 'on-ear-kopfhoerer', 'main_url': 'https://amzn.to/3RI3pRO', 'main_price': '265,00', 'star': 4.4, 'review_count': 2930, 'values_changed': False}], [{'id': 1, 'table_name': 'waschmaschinen', 'main_url': '', 'main_price': '', 'star': 0.0, 'review_count': 0, 'values_changed': False}]]
2022-10-19 00:08:17 [DBG]: added: {'id': 1, 'table_name': 'on-ear-kopfhoerer', 'main_url': 'https://amzn.to/3V8qkZC', 'main_price': '269,99', 'star': 4.6, 'review_count': 11953, 'values_changed': True}
2022-10-19 00:08:19 [DBG]: added: {'id': 2, 'table_name': 'on-ear-kopfhoerer', 'main_url': 'https://amzn.to/3ek33mK', 'main_price': '576,00', 'star': 4.6, 'review_count': 5229, 'values_changed': True}
2022-10-19 00:08:23 [DBG]: added: {'id': 3, 'table_name': 'on-ear-kopfhoerer', 'main_url': 'https://amzn.to/3CEgesb', 'main_price': '389,99', 'star': 4.4, 'review_count': 1097, 'values_changed': True}
2022-10-19 00:08:26 [DBG]: added: {'id': 4, 'table_name': 'on-ear-kopfhoerer', 'main_url': 'https://amzn.to/3V7pTi2', 'main_price': '279,00', 'star': 4.5, 'review_count': 9155, 'values_changed': True}
2022-10-19 00:08:28 [DBG]: added: {'id': 5, 'table_name': 'on-ear-kopfhoerer', 'main_url': 'https://amzn.to/3fLL7Sw', 'main_price': '256,67', 'star': 4.5, 'review_count': 22347, 'values_changed': True}
2022-10-19 00:08:31 [DBG]: added: {'id': 6, 'table_name': 'on-ear-kopfhoerer', 'main_url': 'https://amzn.to/3fSOg3a', 'main_price': '239,00', 'star': 4.5, 'review_count': 7709, 'values_changed': True}
2022-10-19 00:08:35 [DBG]: added: {'id': 7, 'table_name': 'on-ear-kopfhoerer', 'main_url': 'https://amzn.to/3ChExe0', 'main_price': '91,40', 'star': 4.0, 'review_count': 377, 'values_changed': True}
2022-10-19 00:08:38 [DBG]: added: {'id': 8, 'table_name': 'on-ear-kopfhoerer', 'main_url': 'https://amzn.to/3RI3pRO', 'main_price': '265,00', 'star': 4.4, 'review_count': 2935, 'values_changed': True}
2022-10-19 00:08:38 [WAR]: skipped: {'id': 1, 'table_name': 'waschmaschinen', 'main_url': '', 'main_price': '', 'star': 0.0, 'review_count': 0, 'values_changed': False}
2022-10-19 00:08:38 [INF]: created list with new values: [[{'id': 8, 'table_name': 'on-ear-kopfhoerer', 'main_url': 'https://amzn.to/3RI3pRO', 'main_price': '265,00', 'star': 4.4, 'review_count': 2935, 'values_changed': True}], []]
2022-10-19 00:16:14 [INF]: Started program
2022-10-19 00:16:14 [INF]: starting execution
2022-10-19 00:16:14 [DBG]: fetched product: {'id': 1, 'table_name': 'on-ear-kopfhoerer', 'main_url': 'https://amzn.to/3V8qkZC', 'main_price': '269,99', 'star': 4.6, 'review_count': 11916, 'values_changed': False}
2022-10-19 00:16:14 [DBG]: fetched product: {'id': 2, 'table_name': 'on-ear-kopfhoerer', 'main_url': 'https://amzn.to/3ek33mK', 'main_price': '578,99', 'star': 4.6, 'review_count': 5216, 'values_changed': False}
2022-10-19 00:16:14 [DBG]: fetched product: {'id': 3, 'table_name': 'on-ear-kopfhoerer', 'main_url': 'https://amzn.to/3CEgesb', 'main_price': '389,99', 'star': 4.4, 'review_count': 1079, 'values_changed': False}
2022-10-19 00:16:14 [DBG]: fetched product: {'id': 4, 'table_name': 'on-ear-kopfhoerer', 'main_url': 'https://amzn.to/3V7pTi2', 'main_price': '279,00', 'star': 4.5, 'review_count': 9140, 'values_changed': False}
2022-10-19 00:16:14 [DBG]: fetched product: {'id': 5, 'table_name': 'on-ear-kopfhoerer', 'main_url': 'https://amzn.to/3fLL7Sw', 'main_price': '257,00', 'star': 4.5, 'review_count': 22308, 'values_changed': False}
2022-10-19 00:16:14 [DBG]: fetched product: {'id': 6, 'table_name': 'on-ear-kopfhoerer', 'main_url': 'https://amzn.to/3fSOg3a', 'main_price': '239,99', 'star': 4.5, 'review_count': 7652, 'values_changed': False}
2022-10-19 00:16:14 [DBG]: fetched product: {'id': 7, 'table_name': 'on-ear-kopfhoerer', 'main_url': 'https://amzn.to/3ChExe0', 'main_price': '91,40', 'star': 4.0, 'review_count': 375, 'values_changed': False}
2022-10-19 00:16:14 [DBG]: fetched product: {'id': 8, 'table_name': 'on-ear-kopfhoerer', 'main_url': 'https://amzn.to/3RI3pRO', 'main_price': '265,00', 'star': 4.4, 'review_count': 2930, 'values_changed': False}
2022-10-19 00:16:14 [DBG]: fetched product: {'id': 1, 'table_name': 'waschmaschinen', 'main_url': '', 'main_price': '', 'star': 0.0, 'review_count': 0, 'values_changed': False}
2022-10-19 00:16:14 [DBG]: main list:[[{'id': 1, 'table_name': 'on-ear-kopfhoerer', 'main_url': 'https://amzn.to/3V8qkZC', 'main_price': '269,99', 'star': 4.6, 'review_count': 11916, 'values_changed': False}, {'id': 2, 'table_name': 'on-ear-kopfhoerer', 'main_url': 'https://amzn.to/3ek33mK', 'main_price': '578,99', 'star': 4.6, 'review_count': 5216, 'values_changed': False}, {'id': 3, 'table_name': 'on-ear-kopfhoerer', 'main_url': 'https://amzn.to/3CEgesb', 'main_price': '389,99', 'star': 4.4, 'review_count': 1079, 'values_changed': False}, {'id': 4, 'table_name': 'on-ear-kopfhoerer', 'main_url': 'https://amzn.to/3V7pTi2', 'main_price': '279,00', 'star': 4.5, 'review_count': 9140, 'values_changed': False}, {'id': 5, 'table_name': 'on-ear-kopfhoerer', 'main_url': 'https://amzn.to/3fLL7Sw', 'main_price': '257,00', 'star': 4.5, 'review_count': 22308, 'values_changed': False}, {'id': 6, 'table_name': 'on-ear-kopfhoerer', 'main_url': 'https://amzn.to/3fSOg3a', 'main_price': '239,99', 'star': 4.5, 'review_count': 7652, 'values_changed': False}, {'id': 7, 'table_name': 'on-ear-kopfhoerer', 'main_url': 'https://amzn.to/3ChExe0', 'main_price': '91,40', 'star': 4.0, 'review_count': 375, 'values_changed': False}, {'id': 8, 'table_name': 'on-ear-kopfhoerer', 'main_url': 'https://amzn.to/3RI3pRO', 'main_price': '265,00', 'star': 4.4, 'review_count': 2930, 'values_changed': False}], [{'id': 1, 'table_name': 'waschmaschinen', 'main_url': '', 'main_price': '', 'star': 0.0, 'review_count': 0, 'values_changed': False}]]
2022-10-19 00:16:17 [DBG]: changed reviews_count to: 11953
2022-10-19 00:16:17 [DBG]: changed star to: 4.6
2022-10-19 00:16:17 [DBG]: added: {'id': 1, 'table_name': 'on-ear-kopfhoerer', 'main_url': 'https://amzn.to/3V8qkZC', 'main_price': '269,99', 'star': 4.6, 'review_count': 11953, 'values_changed': True}
2022-10-19 00:16:20 [DBG]: changed main_price to: 576,00
2022-10-19 00:16:20 [DBG]: changed reviews_count to: 5229
2022-10-19 00:16:20 [DBG]: changed star to: 4.6
2022-10-19 00:16:20 [DBG]: added: {'id': 2, 'table_name': 'on-ear-kopfhoerer', 'main_url': 'https://amzn.to/3ek33mK', 'main_price': '576,00', 'star': 4.6, 'review_count': 5229, 'values_changed': True}
2022-10-19 00:16:23 [DBG]: changed reviews_count to: 1097
2022-10-19 00:16:23 [DBG]: changed star to: 4.4
2022-10-19 00:16:23 [DBG]: added: {'id': 3, 'table_name': 'on-ear-kopfhoerer', 'main_url': 'https://amzn.to/3CEgesb', 'main_price': '389,99', 'star': 4.4, 'review_count': 1097, 'values_changed': True}
2022-10-19 00:16:25 [DBG]: changed reviews_count to: 9155
2022-10-19 00:16:25 [DBG]: changed star to: 4.5
2022-10-19 00:16:25 [DBG]: added: {'id': 4, 'table_name': 'on-ear-kopfhoerer', 'main_url': 'https://amzn.to/3V7pTi2', 'main_price': '279,00', 'star': 4.5, 'review_count': 9155, 'values_changed': True}
2022-10-19 00:16:28 [DBG]: changed main_price to: 256,67
2022-10-19 00:16:28 [DBG]: changed reviews_count to: 22347
2022-10-19 00:16:28 [DBG]: changed star to: 4.5
2022-10-19 00:16:28 [DBG]: added: {'id': 5, 'table_name': 'on-ear-kopfhoerer', 'main_url': 'https://amzn.to/3fLL7Sw', 'main_price': '256,67', 'star': 4.5, 'review_count': 22347, 'values_changed': True}
2022-10-19 00:16:31 [DBG]: changed main_price to: 239,00
2022-10-19 00:16:31 [DBG]: changed reviews_count to: 7709
2022-10-19 00:16:31 [DBG]: changed star to: 4.5
2022-10-19 00:16:31 [DBG]: added: {'id': 6, 'table_name': 'on-ear-kopfhoerer', 'main_url': 'https://amzn.to/3fSOg3a', 'main_price': '239,00', 'star': 4.5, 'review_count': 7709, 'values_changed': True}
2022-10-19 00:16:34 [DBG]: changed reviews_count to: 377
2022-10-19 00:16:34 [DBG]: changed star to: 4.0
2022-10-19 00:16:34 [DBG]: added: {'id': 7, 'table_name': 'on-ear-kopfhoerer', 'main_url': 'https://amzn.to/3ChExe0', 'main_price': '91,40', 'star': 4.0, 'review_count': 377, 'values_changed': True}
2022-10-19 00:16:37 [DBG]: changed reviews_count to: 2935
2022-10-19 00:16:37 [DBG]: changed star to: 4.4
2022-10-19 00:16:37 [DBG]: added: {'id': 8, 'table_name': 'on-ear-kopfhoerer', 'main_url': 'https://amzn.to/3RI3pRO', 'main_price': '265,00', 'star': 4.4, 'review_count': 2935, 'values_changed': True}
2022-10-19 00:16:37 [WAR]: skipped: {'id': 1, 'table_name': 'waschmaschinen', 'main_url': '', 'main_price': '', 'star': 0.0, 'review_count': 0, 'values_changed': False}
2022-10-19 00:16:37 [INF]: created list with new values: [[{'id': 1, 'table_name': 'on-ear-kopfhoerer', 'main_url': 'https://amzn.to/3V8qkZC', 'main_price': '269,99', 'star': 4.6, 'review_count': 11953, 'values_changed': True}, {'id': 2, 'table_name': 'on-ear-kopfhoerer', 'main_url': 'https://amzn.to/3ek33mK', 'main_price': '576,00', 'star': 4.6, 'review_count': 5229, 'values_changed': True}, {'id': 3, 'table_name': 'on-ear-kopfhoerer', 'main_url': 'https://amzn.to/3CEgesb', 'main_price': '389,99', 'star': 4.4, 'review_count': 1097, 'values_changed': True}, {'id': 4, 'table_name': 'on-ear-kopfhoerer', 'main_url': 'https://amzn.to/3V7pTi2', 'main_price': '279,00', 'star': 4.5, 'review_count': 9155, 'values_changed': True}, {'id': 5, 'table_name': 'on-ear-kopfhoerer', 'main_url': 'https://amzn.to/3fLL7Sw', 'main_price': '256,67', 'star': 4.5, 'review_count': 22347, 'values_changed': True}, {'id': 6, 'table_name': 'on-ear-kopfhoerer', 'main_url': 'https://amzn.to/3fSOg3a', 'main_price': '239,00', 'star': 4.5, 'review_count': 7709, 'values_changed': True}, {'id': 7, 'table_name': 'on-ear-kopfhoerer', 'main_url': 'https://amzn.to/3ChExe0', 'main_price': '91,40', 'star': 4.0, 'review_count': 377, 'values_changed': True}, {'id': 8, 'table_name': 'on-ear-kopfhoerer', 'main_url': 'https://amzn.to/3RI3pRO', 'main_price': '265,00', 'star': 4.4, 'review_count': 2935, 'values_changed': True}], []]
2022-10-19 00:31:08 [INF]: Started program
2022-10-19 00:31:08 [INF]: starting execution
2022-10-19 00:31:08 [DBG]: fetched product: {'id': 1, 'table_name': 'on-ear-kopfhoerer', 'main_url': 'https://amzn.to/3V8qkZC', 'main_price': '269,99', 'star': 4.6, 'review_count': 11916, 'values_changed': False}
2022-10-19 00:31:08 [DBG]: fetched product: {'id': 2, 'table_name': 'on-ear-kopfhoerer', 'main_url': 'https://amzn.to/3ek33mK', 'main_price': '578,99', 'star': 4.6, 'review_count': 5216, 'values_changed': False}
2022-10-19 00:31:08 [DBG]: fetched product: {'id': 3, 'table_name': 'on-ear-kopfhoerer', 'main_url': 'https://amzn.to/3CEgesb', 'main_price': '389,99', 'star': 4.4, 'review_count': 1079, 'values_changed': False}
2022-10-19 00:31:08 [DBG]: fetched product: {'id': 4, 'table_name': 'on-ear-kopfhoerer', 'main_url': 'https://amzn.to/3V7pTi2', 'main_price': '279,00', 'star': 4.5, 'review_count': 9140, 'values_changed': False}
2022-10-19 00:31:08 [DBG]: fetched product: {'id': 5, 'table_name': 'on-ear-kopfhoerer', 'main_url': 'https://amzn.to/3fLL7Sw', 'main_price': '257,00', 'star': 4.5, 'review_count': 22308, 'values_changed': False}
2022-10-19 00:31:08 [DBG]: fetched product: {'id': 6, 'table_name': 'on-ear-kopfhoerer', 'main_url': 'https://amzn.to/3fSOg3a', 'main_price': '239,99', 'star': 4.5, 'review_count': 7652, 'values_changed': False}
2022-10-19 00:31:08 [DBG]: fetched product: {'id': 7, 'table_name': 'on-ear-kopfhoerer', 'main_url': 'https://amzn.to/3ChExe0', 'main_price': '91,40', 'star': 4.0, 'review_count': 375, 'values_changed': False}
2022-10-19 00:31:08 [DBG]: fetched product: {'id': 8, 'table_name': 'on-ear-kopfhoerer', 'main_url': 'https://amzn.to/3RI3pRO', 'main_price': '265,00', 'star': 4.4, 'review_count': 2930, 'values_changed': False}
2022-10-19 00:31:08 [DBG]: fetched product: {'id': 1, 'table_name': 'waschmaschinen', 'main_url': '', 'main_price': '', 'star': 0.0, 'review_count': 0, 'values_changed': False}
2022-10-19 00:31:08 [DBG]: main list:[[{'id': 1, 'table_name': 'on-ear-kopfhoerer', 'main_url': 'https://amzn.to/3V8qkZC', 'main_price': '269,99', 'star': 4.6, 'review_count': 11916, 'values_changed': False}, {'id': 2, 'table_name': 'on-ear-kopfhoerer', 'main_url': 'https://amzn.to/3ek33mK', 'main_price': '578,99', 'star': 4.6, 'review_count': 5216, 'values_changed': False}, {'id': 3, 'table_name': 'on-ear-kopfhoerer', 'main_url': 'https://amzn.to/3CEgesb', 'main_price': '389,99', 'star': 4.4, 'review_count': 1079, 'values_changed': False}, {'id': 4, 'table_name': 'on-ear-kopfhoerer', 'main_url': 'https://amzn.to/3V7pTi2', 'main_price': '279,00', 'star': 4.5, 'review_count': 9140, 'values_changed': False}, {'id': 5, 'table_name': 'on-ear-kopfhoerer', 'main_url': 'https://amzn.to/3fLL7Sw', 'main_price': '257,00', 'star': 4.5, 'review_count': 22308, 'values_changed': False}, {'id': 6, 'table_name': 'on-ear-kopfhoerer', 'main_url': 'https://amzn.to/3fSOg3a', 'main_price': '239,99', 'star': 4.5, 'review_count': 7652, 'values_changed': False}, {'id': 7, 'table_name': 'on-ear-kopfhoerer', 'main_url': 'https://amzn.to/3ChExe0', 'main_price': '91,40', 'star': 4.0, 'review_count': 375, 'values_changed': False}, {'id': 8, 'table_name': 'on-ear-kopfhoerer', 'main_url': 'https://amzn.to/3RI3pRO', 'main_price': '265,00', 'star': 4.4, 'review_count': 2930, 'values_changed': False}], [{'id': 1, 'table_name': 'waschmaschinen', 'main_url': '', 'main_price': '', 'star': 0.0, 'review_count': 0, 'values_changed': False}]]
2022-10-19 00:31:11 [DBG]: changed reviews_count to: 11953
2022-10-19 00:31:11 [DBG]: changed star to: 4.6
2022-10-19 00:31:11 [DBG]: added: {'id': 1, 'table_name': 'on-ear-kopfhoerer', 'main_url': 'https://amzn.to/3V8qkZC', 'main_price': '269,99', 'star': 4.6, 'review_count': 11953, 'values_changed': True}
2022-10-19 00:31:13 [DBG]: changed main_price to: 576,00
2022-10-19 00:31:13 [DBG]: changed reviews_count to: 5229
2022-10-19 00:31:13 [DBG]: changed star to: 4.6
2022-10-19 00:31:13 [DBG]: added: {'id': 2, 'table_name': 'on-ear-kopfhoerer', 'main_url': 'https://amzn.to/3ek33mK', 'main_price': '576,00', 'star': 4.6, 'review_count': 5229, 'values_changed': True}
2022-10-19 00:31:16 [DBG]: changed reviews_count to: 1097
2022-10-19 00:31:16 [DBG]: changed star to: 4.4
2022-10-19 00:31:16 [DBG]: added: {'id': 3, 'table_name': 'on-ear-kopfhoerer', 'main_url': 'https://amzn.to/3CEgesb', 'main_price': '389,99', 'star': 4.4, 'review_count': 1097, 'values_changed': True}
2022-10-19 00:31:19 [DBG]: changed reviews_count to: 9155
2022-10-19 00:31:19 [DBG]: changed star to: 4.5
2022-10-19 00:31:19 [DBG]: added: {'id': 4, 'table_name': 'on-ear-kopfhoerer', 'main_url': 'https://amzn.to/3V7pTi2', 'main_price': '279,00', 'star': 4.5, 'review_count': 9155, 'values_changed': True}
2022-10-19 00:31:22 [DBG]: changed main_price to: 256,67
2022-10-19 00:31:22 [DBG]: changed reviews_count to: 22347
2022-10-19 00:31:22 [DBG]: changed star to: 4.5
2022-10-19 00:31:22 [DBG]: added: {'id': 5, 'table_name': 'on-ear-kopfhoerer', 'main_url': 'https://amzn.to/3fLL7Sw', 'main_price': '256,67', 'star': 4.5, 'review_count': 22347, 'values_changed': True}
2022-10-19 00:31:25 [DBG]: changed main_price to: 239,00
2022-10-19 00:31:25 [DBG]: changed reviews_count to: 7709
2022-10-19 00:31:25 [DBG]: changed star to: 4.5
2022-10-19 00:31:25 [DBG]: added: {'id': 6, 'table_name': 'on-ear-kopfhoerer', 'main_url': 'https://amzn.to/3fSOg3a', 'main_price': '239,00', 'star': 4.5, 'review_count': 7709, 'values_changed': True}
2022-10-19 00:31:28 [DBG]: changed reviews_count to: 377
2022-10-19 00:31:28 [DBG]: changed star to: 4.0
2022-10-19 00:31:28 [DBG]: added: {'id': 7, 'table_name': 'on-ear-kopfhoerer', 'main_url': 'https://amzn.to/3ChExe0', 'main_price': '91,40', 'star': 4.0, 'review_count': 377, 'values_changed': True}
2022-10-19 00:31:30 [DBG]: changed reviews_count to: 2935
2022-10-19 00:31:30 [DBG]: changed star to: 4.4
2022-10-19 00:31:30 [DBG]: added: {'id': 8, 'table_name': 'on-ear-kopfhoerer', 'main_url': 'https://amzn.to/3RI3pRO', 'main_price': '265,00', 'star': 4.4, 'review_count': 2935, 'values_changed': True}
2022-10-19 00:31:30 [WAR]: skipped: {'id': 1, 'table_name': 'waschmaschinen', 'main_url': '', 'main_price': '', 'star': 0.0, 'review_count': 0, 'values_changed': False}
2022-10-19 00:31:30 [INF]: created list with new values: [[{'id': 1, 'table_name': 'on-ear-kopfhoerer', 'main_url': 'https://amzn.to/3V8qkZC', 'main_price': '269,99', 'star': 4.6, 'review_count': 11953, 'values_changed': True}, {'id': 2, 'table_name': 'on-ear-kopfhoerer', 'main_url': 'https://amzn.to/3ek33mK', 'main_price': '576,00', 'star': 4.6, 'review_count': 5229, 'values_changed': True}, {'id': 3, 'table_name': 'on-ear-kopfhoerer', 'main_url': 'https://amzn.to/3CEgesb', 'main_price': '389,99', 'star': 4.4, 'review_count': 1097, 'values_changed': True}, {'id': 4, 'table_name': 'on-ear-kopfhoerer', 'main_url': 'https://amzn.to/3V7pTi2', 'main_price': '279,00', 'star': 4.5, 'review_count': 9155, 'values_changed': True}, {'id': 5, 'table_name': 'on-ear-kopfhoerer', 'main_url': 'https://amzn.to/3fLL7Sw', 'main_price': '256,67', 'star': 4.5, 'review_count': 22347, 'values_changed': True}, {'id': 6, 'table_name': 'on-ear-kopfhoerer', 'main_url': 'https://amzn.to/3fSOg3a', 'main_price': '239,00', 'star': 4.5, 'review_count': 7709, 'values_changed': True}, {'id': 7, 'table_name': 'on-ear-kopfhoerer', 'main_url': 'https://amzn.to/3ChExe0', 'main_price': '91,40', 'star': 4.0, 'review_count': 377, 'values_changed': True}, {'id': 8, 'table_name': 'on-ear-kopfhoerer', 'main_url': 'https://amzn.to/3RI3pRO', 'main_price': '265,00', 'star': 4.4, 'review_count': 2935, 'values_changed': True}], []]
2022-10-19 00:32:03 [INF]: Started program
2022-10-19 00:32:03 [INF]: starting execution
2022-10-19 00:32:03 [DBG]: fetched product: {'id': 1, 'table_name': 'on-ear-kopfhoerer', 'main_url': 'https://amzn.to/3V8qkZC', 'main_price': '269,99', 'star': 4.6, 'review_count': 11916, 'values_changed': False}
2022-10-19 00:32:03 [DBG]: fetched product: {'id': 2, 'table_name': 'on-ear-kopfhoerer', 'main_url': 'https://amzn.to/3ek33mK', 'main_price': '578,99', 'star': 4.6, 'review_count': 5216, 'values_changed': False}
2022-10-19 00:32:03 [DBG]: fetched product: {'id': 3, 'table_name': 'on-ear-kopfhoerer', 'main_url': 'https://amzn.to/3CEgesb', 'main_price': '389,99', 'star': 4.4, 'review_count': 1079, 'values_changed': False}
2022-10-19 00:32:03 [DBG]: fetched product: {'id': 4, 'table_name': 'on-ear-kopfhoerer', 'main_url': 'https://amzn.to/3V7pTi2', 'main_price': '279,00', 'star': 4.5, 'review_count': 9140, 'values_changed': False}
2022-10-19 00:32:03 [DBG]: fetched product: {'id': 5, 'table_name': 'on-ear-kopfhoerer', 'main_url': 'https://amzn.to/3fLL7Sw', 'main_price': '257,00', 'star': 4.5, 'review_count': 22308, 'values_changed': False}
2022-10-19 00:32:03 [DBG]: fetched product: {'id': 6, 'table_name': 'on-ear-kopfhoerer', 'main_url': 'https://amzn.to/3fSOg3a', 'main_price': '239,99', 'star': 4.5, 'review_count': 7652, 'values_changed': False}
2022-10-19 00:32:03 [DBG]: fetched product: {'id': 7, 'table_name': 'on-ear-kopfhoerer', 'main_url': 'https://amzn.to/3ChExe0', 'main_price': '91,40', 'star': 4.0, 'review_count': 375, 'values_changed': False}
2022-10-19 00:32:03 [DBG]: fetched product: {'id': 8, 'table_name': 'on-ear-kopfhoerer', 'main_url': 'https://amzn.to/3RI3pRO', 'main_price': '265,00', 'star': 4.4, 'review_count': 2930, 'values_changed': False}
2022-10-19 00:32:03 [DBG]: fetched product: {'id': 1, 'table_name': 'waschmaschinen', 'main_url': '', 'main_price': '', 'star': 0.0, 'review_count': 0, 'values_changed': False}
2022-10-19 00:32:03 [DBG]: main list:[[{'id': 1, 'table_name': 'on-ear-kopfhoerer', 'main_url': 'https://amzn.to/3V8qkZC', 'main_price': '269,99', 'star': 4.6, 'review_count': 11916, 'values_changed': False}, {'id': 2, 'table_name': 'on-ear-kopfhoerer', 'main_url': 'https://amzn.to/3ek33mK', 'main_price': '578,99', 'star': 4.6, 'review_count': 5216, 'values_changed': False}, {'id': 3, 'table_name': 'on-ear-kopfhoerer', 'main_url': 'https://amzn.to/3CEgesb', 'main_price': '389,99', 'star': 4.4, 'review_count': 1079, 'values_changed': False}, {'id': 4, 'table_name': 'on-ear-kopfhoerer', 'main_url': 'https://amzn.to/3V7pTi2', 'main_price': '279,00', 'star': 4.5, 'review_count': 9140, 'values_changed': False}, {'id': 5, 'table_name': 'on-ear-kopfhoerer', 'main_url': 'https://amzn.to/3fLL7Sw', 'main_price': '257,00', 'star': 4.5, 'review_count': 22308, 'values_changed': False}, {'id': 6, 'table_name': 'on-ear-kopfhoerer', 'main_url': 'https://amzn.to/3fSOg3a', 'main_price': '239,99', 'star': 4.5, 'review_count': 7652, 'values_changed': False}, {'id': 7, 'table_name': 'on-ear-kopfhoerer', 'main_url': 'https://amzn.to/3ChExe0', 'main_price': '91,40', 'star': 4.0, 'review_count': 375, 'values_changed': False}, {'id': 8, 'table_name': 'on-ear-kopfhoerer', 'main_url': 'https://amzn.to/3RI3pRO', 'main_price': '265,00', 'star': 4.4, 'review_count': 2930, 'values_changed': False}], [{'id': 1, 'table_name': 'waschmaschinen', 'main_url': '', 'main_price': '', 'star': 0.0, 'review_count': 0, 'values_changed': False}]]
2022-10-19 00:32:05 [DBG]: changed reviews_count to: 11953
2022-10-19 00:32:05 [DBG]: changed star to: 4.6
2022-10-19 00:32:05 [DBG]: added: {'id': 1, 'table_name': 'on-ear-kopfhoerer', 'main_url': 'https://amzn.to/3V8qkZC', 'main_price': '269,99', 'star': 4.6, 'review_count': 11953, 'values_changed': True}
2022-10-19 00:32:07 [DBG]: changed main_price to: 576,00
2022-10-19 00:32:07 [DBG]: changed reviews_count to: 5229
2022-10-19 00:32:07 [DBG]: changed star to: 4.6
2022-10-19 00:32:07 [DBG]: added: {'id': 2, 'table_name': 'on-ear-kopfhoerer', 'main_url': 'https://amzn.to/3ek33mK', 'main_price': '576,00', 'star': 4.6, 'review_count': 5229, 'values_changed': True}
2022-10-19 00:32:10 [DBG]: changed reviews_count to: 1097
2022-10-19 00:32:10 [DBG]: changed star to: 4.4
2022-10-19 00:32:10 [DBG]: added: {'id': 3, 'table_name': 'on-ear-kopfhoerer', 'main_url': 'https://amzn.to/3CEgesb', 'main_price': '389,99', 'star': 4.4, 'review_count': 1097, 'values_changed': True}
2022-10-19 00:32:13 [DBG]: changed reviews_count to: 9155
2022-10-19 00:32:13 [DBG]: changed star to: 4.5
2022-10-19 00:32:13 [DBG]: added: {'id': 4, 'table_name': 'on-ear-kopfhoerer', 'main_url': 'https://amzn.to/3V7pTi2', 'main_price': '279,00', 'star': 4.5, 'review_count': 9155, 'values_changed': True}
2022-10-19 00:32:15 [DBG]: changed main_price to: 256,67
2022-10-19 00:32:15 [DBG]: changed reviews_count to: 22347
2022-10-19 00:32:15 [DBG]: changed star to: 4.5
2022-10-19 00:32:15 [DBG]: added: {'id': 5, 'table_name': 'on-ear-kopfhoerer', 'main_url': 'https://amzn.to/3fLL7Sw', 'main_price': '256,67', 'star': 4.5, 'review_count': 22347, 'values_changed': True}
2022-10-19 00:32:18 [DBG]: changed main_price to: 239,00
2022-10-19 00:32:18 [DBG]: changed reviews_count to: 7709
2022-10-19 00:32:18 [DBG]: changed star to: 4.5
2022-10-19 00:32:18 [DBG]: added: {'id': 6, 'table_name': 'on-ear-kopfhoerer', 'main_url': 'https://amzn.to/3fSOg3a', 'main_price': '239,00', 'star': 4.5, 'review_count': 7709, 'values_changed': True}
2022-10-19 00:32:21 [DBG]: changed reviews_count to: 377
2022-10-19 00:32:21 [DBG]: changed star to: 4.0
2022-10-19 00:32:21 [DBG]: added: {'id': 7, 'table_name': 'on-ear-kopfhoerer', 'main_url': 'https://amzn.to/3ChExe0', 'main_price': '91,40', 'star': 4.0, 'review_count': 377, 'values_changed': True}
2022-10-19 00:32:23 [DBG]: changed reviews_count to: 2935
2022-10-19 00:32:23 [DBG]: changed star to: 4.4
2022-10-19 00:32:23 [DBG]: added: {'id': 8, 'table_name': 'on-ear-kopfhoerer', 'main_url': 'https://amzn.to/3RI3pRO', 'main_price': '265,00', 'star': 4.4, 'review_count': 2935, 'values_changed': True}
2022-10-19 00:32:23 [WAR]: skipped: {'id': 1, 'table_name': 'waschmaschinen', 'main_url': '', 'main_price': '', 'star': 0.0, 'review_count': 0, 'values_changed': False}
2022-10-19 00:32:23 [INF]: created list with new values: [[{'id': 1, 'table_name': 'on-ear-kopfhoerer', 'main_url': 'https://amzn.to/3V8qkZC', 'main_price': '269,99', 'star': 4.6, 'review_count': 11953, 'values_changed': True}, {'id': 2, 'table_name': 'on-ear-kopfhoerer', 'main_url': 'https://amzn.to/3ek33mK', 'main_price': '576,00', 'star': 4.6, 'review_count': 5229, 'values_changed': True}, {'id': 3, 'table_name': 'on-ear-kopfhoerer', 'main_url': 'https://amzn.to/3CEgesb', 'main_price': '389,99', 'star': 4.4, 'review_count': 1097, 'values_changed': True}, {'id': 4, 'table_name': 'on-ear-kopfhoerer', 'main_url': 'https://amzn.to/3V7pTi2', 'main_price': '279,00', 'star': 4.5, 'review_count': 9155, 'values_changed': True}, {'id': 5, 'table_name': 'on-ear-kopfhoerer', 'main_url': 'https://amzn.to/3fLL7Sw', 'main_price': '256,67', 'star': 4.5, 'review_count': 22347, 'values_changed': True}, {'id': 6, 'table_name': 'on-ear-kopfhoerer', 'main_url': 'https://amzn.to/3fSOg3a', 'main_price': '239,00', 'star': 4.5, 'review_count': 7709, 'values_changed': True}, {'id': 7, 'table_name': 'on-ear-kopfhoerer', 'main_url': 'https://amzn.to/3ChExe0', 'main_price': '91,40', 'star': 4.0, 'review_count': 377, 'values_changed': True}, {'id': 8, 'table_name': 'on-ear-kopfhoerer', 'main_url': 'https://amzn.to/3RI3pRO', 'main_price': '265,00', 'star': 4.4, 'review_count': 2935, 'values_changed': True}], []]
2022-10-19 00:33:01 [INF]: Started program
2022-10-19 00:33:01 [INF]: starting execution
2022-10-19 00:33:01 [DBG]: fetched product: {'id': 1, 'table_name': 'on-ear-kopfhoerer', 'main_url': 'https://amzn.to/3V8qkZC', 'main_price': '269,99', 'star': 4.6, 'review_count': 11916, 'values_changed': False}
2022-10-19 00:33:01 [DBG]: fetched product: {'id': 2, 'table_name': 'on-ear-kopfhoerer', 'main_url': 'https://amzn.to/3ek33mK', 'main_price': '578,99', 'star': 4.6, 'review_count': 5216, 'values_changed': False}
2022-10-19 00:33:01 [DBG]: fetched product: {'id': 3, 'table_name': 'on-ear-kopfhoerer', 'main_url': 'https://amzn.to/3CEgesb', 'main_price': '389,99', 'star': 4.4, 'review_count': 1079, 'values_changed': False}
2022-10-19 00:33:01 [DBG]: fetched product: {'id': 4, 'table_name': 'on-ear-kopfhoerer', 'main_url': 'https://amzn.to/3V7pTi2', 'main_price': '279,00', 'star': 4.5, 'review_count': 9140, 'values_changed': False}
2022-10-19 00:33:01 [DBG]: fetched product: {'id': 5, 'table_name': 'on-ear-kopfhoerer', 'main_url': 'https://amzn.to/3fLL7Sw', 'main_price': '257,00', 'star': 4.5, 'review_count': 22308, 'values_changed': False}
2022-10-19 00:33:01 [DBG]: fetched product: {'id': 6, 'table_name': 'on-ear-kopfhoerer', 'main_url': 'https://amzn.to/3fSOg3a', 'main_price': '239,99', 'star': 4.5, 'review_count': 7652, 'values_changed': False}
2022-10-19 00:33:01 [DBG]: fetched product: {'id': 7, 'table_name': 'on-ear-kopfhoerer', 'main_url': 'https://amzn.to/3ChExe0', 'main_price': '91,40', 'star': 4.0, 'review_count': 375, 'values_changed': False}
2022-10-19 00:33:01 [DBG]: fetched product: {'id': 8, 'table_name': 'on-ear-kopfhoerer', 'main_url': 'https://amzn.to/3RI3pRO', 'main_price': '265,00', 'star': 4.4, 'review_count': 2930, 'values_changed': False}
2022-10-19 00:33:01 [DBG]: fetched product: {'id': 1, 'table_name': 'waschmaschinen', 'main_url': '', 'main_price': '', 'star': 0.0, 'review_count': 0, 'values_changed': False}
2022-10-19 00:33:01 [DBG]: main list:[[{'id': 1, 'table_name': 'on-ear-kopfhoerer', 'main_url': 'https://amzn.to/3V8qkZC', 'main_price': '269,99', 'star': 4.6, 'review_count': 11916, 'values_changed': False}, {'id': 2, 'table_name': 'on-ear-kopfhoerer', 'main_url': 'https://amzn.to/3ek33mK', 'main_price': '578,99', 'star': 4.6, 'review_count': 5216, 'values_changed': False}, {'id': 3, 'table_name': 'on-ear-kopfhoerer', 'main_url': 'https://amzn.to/3CEgesb', 'main_price': '389,99', 'star': 4.4, 'review_count': 1079, 'values_changed': False}, {'id': 4, 'table_name': 'on-ear-kopfhoerer', 'main_url': 'https://amzn.to/3V7pTi2', 'main_price': '279,00', 'star': 4.5, 'review_count': 9140, 'values_changed': False}, {'id': 5, 'table_name': 'on-ear-kopfhoerer', 'main_url': 'https://amzn.to/3fLL7Sw', 'main_price': '257,00', 'star': 4.5, 'review_count': 22308, 'values_changed': False}, {'id': 6, 'table_name': 'on-ear-kopfhoerer', 'main_url': 'https://amzn.to/3fSOg3a', 'main_price': '239,99', 'star': 4.5, 'review_count': 7652, 'values_changed': False}, {'id': 7, 'table_name': 'on-ear-kopfhoerer', 'main_url': 'https://amzn.to/3ChExe0', 'main_price': '91,40', 'star': 4.0, 'review_count': 375, 'values_changed': False}, {'id': 8, 'table_name': 'on-ear-kopfhoerer', 'main_url': 'https://amzn.to/3RI3pRO', 'main_price': '265,00', 'star': 4.4, 'review_count': 2930, 'values_changed': False}], [{'id': 1, 'table_name': 'waschmaschinen', 'main_url': '', 'main_price': '', 'star': 0.0, 'review_count': 0, 'values_changed': False}]]
2022-10-19 00:33:04 [DBG]: changed reviews_count to: 11953
2022-10-19 00:33:04 [DBG]: changed star to: 4.6
2022-10-19 00:33:04 [DBG]: added: {'id': 1, 'table_name': 'on-ear-kopfhoerer', 'main_url': 'https://amzn.to/3V8qkZC', 'main_price': '269,99', 'star': 4.6, 'review_count': 11953, 'values_changed': True}
2022-10-19 00:33:06 [DBG]: changed main_price to: 576,00
2022-10-19 00:33:06 [DBG]: changed reviews_count to: 5229
2022-10-19 00:33:06 [DBG]: changed star to: 4.6
2022-10-19 00:33:06 [DBG]: added: {'id': 2, 'table_name': 'on-ear-kopfhoerer', 'main_url': 'https://amzn.to/3ek33mK', 'main_price': '576,00', 'star': 4.6, 'review_count': 5229, 'values_changed': True}
2022-10-19 00:33:09 [DBG]: changed reviews_count to: 1097
2022-10-19 00:33:09 [DBG]: changed star to: 4.4
2022-10-19 00:33:09 [DBG]: added: {'id': 3, 'table_name': 'on-ear-kopfhoerer', 'main_url': 'https://amzn.to/3CEgesb', 'main_price': '389,99', 'star': 4.4, 'review_count': 1097, 'values_changed': True}
2022-10-19 00:33:12 [DBG]: changed reviews_count to: 9155
2022-10-19 00:33:12 [DBG]: changed star to: 4.5
2022-10-19 00:33:12 [DBG]: added: {'id': 4, 'table_name': 'on-ear-kopfhoerer', 'main_url': 'https://amzn.to/3V7pTi2', 'main_price': '279,00', 'star': 4.5, 'review_count': 9155, 'values_changed': True}
2022-10-19 00:33:14 [DBG]: changed main_price to: 256,67
2022-10-19 00:33:14 [DBG]: changed reviews_count to: 22347
2022-10-19 00:33:14 [DBG]: changed star to: 4.5
2022-10-19 00:33:14 [DBG]: added: {'id': 5, 'table_name': 'on-ear-kopfhoerer', 'main_url': 'https://amzn.to/3fLL7Sw', 'main_price': '256,67', 'star': 4.5, 'review_count': 22347, 'values_changed': True}
2022-10-19 00:33:17 [DBG]: changed main_price to: 239,00
2022-10-19 00:33:17 [DBG]: changed reviews_count to: 7709
2022-10-19 00:33:17 [DBG]: changed star to: 4.5
2022-10-19 00:33:17 [DBG]: added: {'id': 6, 'table_name': 'on-ear-kopfhoerer', 'main_url': 'https://amzn.to/3fSOg3a', 'main_price': '239,00', 'star': 4.5, 'review_count': 7709, 'values_changed': True}
2022-10-19 00:33:19 [DBG]: changed reviews_count to: 377
2022-10-19 00:33:19 [DBG]: changed star to: 4.0
2022-10-19 00:33:19 [DBG]: added: {'id': 7, 'table_name': 'on-ear-kopfhoerer', 'main_url': 'https://amzn.to/3ChExe0', 'main_price': '91,40', 'star': 4.0, 'review_count': 377, 'values_changed': True}
2022-10-19 00:33:22 [DBG]: changed reviews_count to: 2935
2022-10-19 00:33:22 [DBG]: changed star to: 4.4
2022-10-19 00:33:22 [DBG]: added: {'id': 8, 'table_name': 'on-ear-kopfhoerer', 'main_url': 'https://amzn.to/3RI3pRO', 'main_price': '265,00', 'star': 4.4, 'review_count': 2935, 'values_changed': True}
2022-10-19 00:33:22 [WAR]: skipped: {'id': 1, 'table_name': 'waschmaschinen', 'main_url': '', 'main_price': '', 'star': 0.0, 'review_count': 0, 'values_changed': False}
2022-10-19 00:33:22 [INF]: created list with new values: [[{'id': 1, 'table_name': 'on-ear-kopfhoerer', 'main_url': 'https://amzn.to/3V8qkZC', 'main_price': '269,99', 'star': 4.6, 'review_count': 11953, 'values_changed': True}, {'id': 2, 'table_name': 'on-ear-kopfhoerer', 'main_url': 'https://amzn.to/3ek33mK', 'main_price': '576,00', 'star': 4.6, 'review_count': 5229, 'values_changed': True}, {'id': 3, 'table_name': 'on-ear-kopfhoerer', 'main_url': 'https://amzn.to/3CEgesb', 'main_price': '389,99', 'star': 4.4, 'review_count': 1097, 'values_changed': True}, {'id': 4, 'table_name': 'on-ear-kopfhoerer', 'main_url': 'https://amzn.to/3V7pTi2', 'main_price': '279,00', 'star': 4.5, 'review_count': 9155, 'values_changed': True}, {'id': 5, 'table_name': 'on-ear-kopfhoerer', 'main_url': 'https://amzn.to/3fLL7Sw', 'main_price': '256,67', 'star': 4.5, 'review_count': 22347, 'values_changed': True}, {'id': 6, 'table_name': 'on-ear-kopfhoerer', 'main_url': 'https://amzn.to/3fSOg3a', 'main_price': '239,00', 'star': 4.5, 'review_count': 7709, 'values_changed': True}, {'id': 7, 'table_name': 'on-ear-kopfhoerer', 'main_url': 'https://amzn.to/3ChExe0', 'main_price': '91,40', 'star': 4.0, 'review_count': 377, 'values_changed': True}, {'id': 8, 'table_name': 'on-ear-kopfhoerer', 'main_url': 'https://amzn.to/3RI3pRO', 'main_price': '265,00', 'star': 4.4, 'review_count': 2935, 'values_changed': True}], []]
2022-10-19 00:34:01 [INF]: Started program
2022-10-19 00:34:01 [INF]: starting execution
2022-10-19 00:34:01 [DBG]: fetched product: {'id': 1, 'table_name': 'on-ear-kopfhoerer', 'main_url': 'https://amzn.to/3V8qkZC', 'main_price': '269,99', 'star': 4.6, 'review_count': 11916, 'values_changed': False}
2022-10-19 00:34:01 [DBG]: fetched product: {'id': 2, 'table_name': 'on-ear-kopfhoerer', 'main_url': 'https://amzn.to/3ek33mK', 'main_price': '578,99', 'star': 4.6, 'review_count': 5216, 'values_changed': False}
2022-10-19 00:34:01 [DBG]: fetched product: {'id': 3, 'table_name': 'on-ear-kopfhoerer', 'main_url': 'https://amzn.to/3CEgesb', 'main_price': '389,99', 'star': 4.4, 'review_count': 1079, 'values_changed': False}
2022-10-19 00:34:01 [DBG]: fetched product: {'id': 4, 'table_name': 'on-ear-kopfhoerer', 'main_url': 'https://amzn.to/3V7pTi2', 'main_price': '279,00', 'star': 4.5, 'review_count': 9140, 'values_changed': False}
2022-10-19 00:34:01 [DBG]: fetched product: {'id': 5, 'table_name': 'on-ear-kopfhoerer', 'main_url': 'https://amzn.to/3fLL7Sw', 'main_price': '257,00', 'star': 4.5, 'review_count': 22308, 'values_changed': False}
2022-10-19 00:34:01 [DBG]: fetched product: {'id': 6, 'table_name': 'on-ear-kopfhoerer', 'main_url': 'https://amzn.to/3fSOg3a', 'main_price': '239,99', 'star': 4.5, 'review_count': 7652, 'values_changed': False}
2022-10-19 00:34:01 [DBG]: fetched product: {'id': 7, 'table_name': 'on-ear-kopfhoerer', 'main_url': 'https://amzn.to/3ChExe0', 'main_price': '91,40', 'star': 4.0, 'review_count': 375, 'values_changed': False}
2022-10-19 00:34:01 [DBG]: fetched product: {'id': 8, 'table_name': 'on-ear-kopfhoerer', 'main_url': 'https://amzn.to/3RI3pRO', 'main_price': '265,00', 'star': 4.4, 'review_count': 2930, 'values_changed': False}
2022-10-19 00:34:01 [DBG]: fetched product: {'id': 1, 'table_name': 'waschmaschinen', 'main_url': '', 'main_price': '', 'star': 0.0, 'review_count': 0, 'values_changed': False}
2022-10-19 00:34:01 [DBG]: main list:[[{'id': 1, 'table_name': 'on-ear-kopfhoerer', 'main_url': 'https://amzn.to/3V8qkZC', 'main_price': '269,99', 'star': 4.6, 'review_count': 11916, 'values_changed': False}, {'id': 2, 'table_name': 'on-ear-kopfhoerer', 'main_url': 'https://amzn.to/3ek33mK', 'main_price': '578,99', 'star': 4.6, 'review_count': 5216, 'values_changed': False}, {'id': 3, 'table_name': 'on-ear-kopfhoerer', 'main_url': 'https://amzn.to/3CEgesb', 'main_price': '389,99', 'star': 4.4, 'review_count': 1079, 'values_changed': False}, {'id': 4, 'table_name': 'on-ear-kopfhoerer', 'main_url': 'https://amzn.to/3V7pTi2', 'main_price': '279,00', 'star': 4.5, 'review_count': 9140, 'values_changed': False}, {'id': 5, 'table_name': 'on-ear-kopfhoerer', 'main_url': 'https://amzn.to/3fLL7Sw', 'main_price': '257,00', 'star': 4.5, 'review_count': 22308, 'values_changed': False}, {'id': 6, 'table_name': 'on-ear-kopfhoerer', 'main_url': 'https://amzn.to/3fSOg3a', 'main_price': '239,99', 'star': 4.5, 'review_count': 7652, 'values_changed': False}, {'id': 7, 'table_name': 'on-ear-kopfhoerer', 'main_url': 'https://amzn.to/3ChExe0', 'main_price': '91,40', 'star': 4.0, 'review_count': 375, 'values_changed': False}, {'id': 8, 'table_name': 'on-ear-kopfhoerer', 'main_url': 'https://amzn.to/3RI3pRO', 'main_price': '265,00', 'star': 4.4, 'review_count': 2930, 'values_changed': False}], [{'id': 1, 'table_name': 'waschmaschinen', 'main_url': '', 'main_price': '', 'star': 0.0, 'review_count': 0, 'values_changed': False}]]
2022-10-19 00:34:04 [DBG]: changed reviews_count to: 11953
2022-10-19 00:34:04 [DBG]: changed star to: 4.6
2022-10-19 00:34:04 [DBG]: added: {'id': 1, 'table_name': 'on-ear-kopfhoerer', 'main_url': 'https://amzn.to/3V8qkZC', 'main_price': '269,99', 'star': 4.6, 'review_count': 11953, 'values_changed': True}
2022-10-19 00:34:06 [DBG]: changed main_price to: 576,00
2022-10-19 00:34:06 [DBG]: changed reviews_count to: 5229
2022-10-19 00:34:06 [DBG]: changed star to: 4.6
2022-10-19 00:34:06 [DBG]: added: {'id': 2, 'table_name': 'on-ear-kopfhoerer', 'main_url': 'https://amzn.to/3ek33mK', 'main_price': '576,00', 'star': 4.6, 'review_count': 5229, 'values_changed': True}
2022-10-19 00:34:09 [DBG]: changed reviews_count to: 1097
2022-10-19 00:34:09 [DBG]: changed star to: 4.4
2022-10-19 00:34:09 [DBG]: added: {'id': 3, 'table_name': 'on-ear-kopfhoerer', 'main_url': 'https://amzn.to/3CEgesb', 'main_price': '389,99', 'star': 4.4, 'review_count': 1097, 'values_changed': True}
2022-10-19 00:34:12 [DBG]: changed reviews_count to: 9155
2022-10-19 00:34:12 [DBG]: changed star to: 4.5
2022-10-19 00:34:12 [DBG]: added: {'id': 4, 'table_name': 'on-ear-kopfhoerer', 'main_url': 'https://amzn.to/3V7pTi2', 'main_price': '279,00', 'star': 4.5, 'review_count': 9155, 'values_changed': True}
2022-10-19 00:34:15 [DBG]: changed main_price to: 256,67
2022-10-19 00:34:15 [DBG]: changed reviews_count to: 22347
2022-10-19 00:34:15 [DBG]: changed star to: 4.5
2022-10-19 00:34:15 [DBG]: added: {'id': 5, 'table_name': 'on-ear-kopfhoerer', 'main_url': 'https://amzn.to/3fLL7Sw', 'main_price': '256,67', 'star': 4.5, 'review_count': 22347, 'values_changed': True}
2022-10-19 00:34:18 [DBG]: changed main_price to: 239,00
2022-10-19 00:34:18 [DBG]: changed reviews_count to: 7709
2022-10-19 00:34:18 [DBG]: changed star to: 4.5
2022-10-19 00:34:18 [DBG]: added: {'id': 6, 'table_name': 'on-ear-kopfhoerer', 'main_url': 'https://amzn.to/3fSOg3a', 'main_price': '239,00', 'star': 4.5, 'review_count': 7709, 'values_changed': True}
2022-10-19 00:34:21 [DBG]: changed reviews_count to: 377
2022-10-19 00:34:21 [DBG]: changed star to: 4.0
2022-10-19 00:34:21 [DBG]: added: {'id': 7, 'table_name': 'on-ear-kopfhoerer', 'main_url': 'https://amzn.to/3ChExe0', 'main_price': '91,40', 'star': 4.0, 'review_count': 377, 'values_changed': True}
2022-10-19 00:34:23 [DBG]: changed reviews_count to: 2935
2022-10-19 00:34:23 [DBG]: changed star to: 4.4
2022-10-19 00:34:23 [DBG]: added: {'id': 8, 'table_name': 'on-ear-kopfhoerer', 'main_url': 'https://amzn.to/3RI3pRO', 'main_price': '265,00', 'star': 4.4, 'review_count': 2935, 'values_changed': True}
2022-10-19 00:34:23 [WAR]: skipped: {'id': 1, 'table_name': 'waschmaschinen', 'main_url': '', 'main_price': '', 'star': 0.0, 'review_count': 0, 'values_changed': False}
2022-10-19 00:34:23 [INF]: created list with new values: [[{'id': 1, 'table_name': 'on-ear-kopfhoerer', 'main_url': 'https://amzn.to/3V8qkZC', 'main_price': '269,99', 'star': 4.6, 'review_count': 11953, 'values_changed': True}, {'id': 2, 'table_name': 'on-ear-kopfhoerer', 'main_url': 'https://amzn.to/3ek33mK', 'main_price': '576,00', 'star': 4.6, 'review_count': 5229, 'values_changed': True}, {'id': 3, 'table_name': 'on-ear-kopfhoerer', 'main_url': 'https://amzn.to/3CEgesb', 'main_price': '389,99', 'star': 4.4, 'review_count': 1097, 'values_changed': True}, {'id': 4, 'table_name': 'on-ear-kopfhoerer', 'main_url': 'https://amzn.to/3V7pTi2', 'main_price': '279,00', 'star': 4.5, 'review_count': 9155, 'values_changed': True}, {'id': 5, 'table_name': 'on-ear-kopfhoerer', 'main_url': 'https://amzn.to/3fLL7Sw', 'main_price': '256,67', 'star': 4.5, 'review_count': 22347, 'values_changed': True}, {'id': 6, 'table_name': 'on-ear-kopfhoerer', 'main_url': 'https://amzn.to/3fSOg3a', 'main_price': '239,00', 'star': 4.5, 'review_count': 7709, 'values_changed': True}, {'id': 7, 'table_name': 'on-ear-kopfhoerer', 'main_url': 'https://amzn.to/3ChExe0', 'main_price': '91,40', 'star': 4.0, 'review_count': 377, 'values_changed': True}, {'id': 8, 'table_name': 'on-ear-kopfhoerer', 'main_url': 'https://amzn.to/3RI3pRO', 'main_price': '265,00', 'star': 4.4, 'review_count': 2935, 'values_changed': True}], []]
2022-10-19 00:36:18 [INF]: Started program
2022-10-19 00:36:18 [INF]: starting execution
2022-10-19 00:36:18 [DBG]: fetched product: {'id': 1, 'table_name': 'on-ear-kopfhoerer', 'main_url': 'https://amzn.to/3V8qkZC', 'main_price': '269,99', 'star': 4.6, 'review_count': 11953, 'values_changed': False}
2022-10-19 00:36:18 [DBG]: fetched product: {'id': 2, 'table_name': 'on-ear-kopfhoerer', 'main_url': 'https://amzn.to/3ek33mK', 'main_price': '576,00', 'star': 4.6, 'review_count': 5229, 'values_changed': False}
2022-10-19 00:36:18 [DBG]: fetched product: {'id': 3, 'table_name': 'on-ear-kopfhoerer', 'main_url': 'https://amzn.to/3CEgesb', 'main_price': '389,99', 'star': 4.4, 'review_count': 1097, 'values_changed': False}
2022-10-19 00:36:18 [DBG]: fetched product: {'id': 4, 'table_name': 'on-ear-kopfhoerer', 'main_url': 'https://amzn.to/3V7pTi2', 'main_price': '279,00', 'star': 4.5, 'review_count': 9155, 'values_changed': False}
2022-10-19 00:36:18 [DBG]: fetched product: {'id': 5, 'table_name': 'on-ear-kopfhoerer', 'main_url': 'https://amzn.to/3fLL7Sw', 'main_price': '256,67', 'star': 4.5, 'review_count': 22347, 'values_changed': False}
2022-10-19 00:36:18 [DBG]: fetched product: {'id': 6, 'table_name': 'on-ear-kopfhoerer', 'main_url': 'https://amzn.to/3fSOg3a', 'main_price': '239,00', 'star': 4.5, 'review_count': 7709, 'values_changed': False}
2022-10-19 00:36:18 [DBG]: fetched product: {'id': 7, 'table_name': 'on-ear-kopfhoerer', 'main_url': 'https://amzn.to/3ChExe0', 'main_price': '91,40', 'star': 4.0, 'review_count': 377, 'values_changed': False}
2022-10-19 00:36:18 [DBG]: fetched product: {'id': 8, 'table_name': 'on-ear-kopfhoerer', 'main_url': 'https://amzn.to/3RI3pRO', 'main_price': '265,00', 'star': 4.4, 'review_count': 2935, 'values_changed': False}
2022-10-19 00:36:18 [DBG]: fetched product: {'id': 1, 'table_name': 'waschmaschinen', 'main_url': '', 'main_price': '', 'star': 0.0, 'review_count': 0, 'values_changed': False}
2022-10-19 00:36:18 [DBG]: main list:[[{'id': 1, 'table_name': 'on-ear-kopfhoerer', 'main_url': 'https://amzn.to/3V8qkZC', 'main_price': '269,99', 'star': 4.6, 'review_count': 11953, 'values_changed': False}, {'id': 2, 'table_name': 'on-ear-kopfhoerer', 'main_url': 'https://amzn.to/3ek33mK', 'main_price': '576,00', 'star': 4.6, 'review_count': 5229, 'values_changed': False}, {'id': 3, 'table_name': 'on-ear-kopfhoerer', 'main_url': 'https://amzn.to/3CEgesb', 'main_price': '389,99', 'star': 4.4, 'review_count': 1097, 'values_changed': False}, {'id': 4, 'table_name': 'on-ear-kopfhoerer', 'main_url': 'https://amzn.to/3V7pTi2', 'main_price': '279,00', 'star': 4.5, 'review_count': 9155, 'values_changed': False}, {'id': 5, 'table_name': 'on-ear-kopfhoerer', 'main_url': 'https://amzn.to/3fLL7Sw', 'main_price': '256,67', 'star': 4.5, 'review_count': 22347, 'values_changed': False}, {'id': 6, 'table_name': 'on-ear-kopfhoerer', 'main_url': 'https://amzn.to/3fSOg3a', 'main_price': '239,00', 'star': 4.5, 'review_count': 7709, 'values_changed': False}, {'id': 7, 'table_name': 'on-ear-kopfhoerer', 'main_url': 'https://amzn.to/3ChExe0', 'main_price': '91,40', 'star': 4.0, 'review_count': 377, 'values_changed': False}, {'id': 8, 'table_name': 'on-ear-kopfhoerer', 'main_url': 'https://amzn.to/3RI3pRO', 'main_price': '265,00', 'star': 4.4, 'review_count': 2935, 'values_changed': False}], [{'id': 1, 'table_name': 'waschmaschinen', 'main_url': '', 'main_price': '', 'star': 0.0, 'review_count': 0, 'values_changed': False}]]
2022-10-19 00:36:21 [DBG]: changed reviews_count to: 11953
2022-10-19 00:36:21 [DBG]: changed star to: 4.6
2022-10-19 00:36:21 [DBG]: added: {'id': 1, 'table_name': 'on-ear-kopfhoerer', 'main_url': 'https://amzn.to/3V8qkZC', 'main_price': '269,99', 'star': 4.6, 'review_count': 11953, 'values_changed': True}
2022-10-19 00:36:23 [DBG]: changed reviews_count to: 5229
2022-10-19 00:36:23 [DBG]: changed star to: 4.6
2022-10-19 00:36:23 [DBG]: added: {'id': 2, 'table_name': 'on-ear-kopfhoerer', 'main_url': 'https://amzn.to/3ek33mK', 'main_price': '576,00', 'star': 4.6, 'review_count': 5229, 'values_changed': True}
2022-10-19 00:36:27 [DBG]: changed reviews_count to: 1097
2022-10-19 00:36:27 [DBG]: changed star to: 4.4
2022-10-19 00:36:27 [DBG]: added: {'id': 3, 'table_name': 'on-ear-kopfhoerer', 'main_url': 'https://amzn.to/3CEgesb', 'main_price': '389,99', 'star': 4.4, 'review_count': 1097, 'values_changed': True}
2022-10-19 00:36:30 [DBG]: changed reviews_count to: 9155
2022-10-19 00:36:30 [DBG]: changed star to: 4.5
2022-10-19 00:36:30 [DBG]: added: {'id': 4, 'table_name': 'on-ear-kopfhoerer', 'main_url': 'https://amzn.to/3V7pTi2', 'main_price': '279,00', 'star': 4.5, 'review_count': 9155, 'values_changed': True}
2022-10-19 00:36:33 [DBG]: changed reviews_count to: 22347
2022-10-19 00:36:33 [DBG]: changed star to: 4.5
2022-10-19 00:36:33 [DBG]: added: {'id': 5, 'table_name': 'on-ear-kopfhoerer', 'main_url': 'https://amzn.to/3fLL7Sw', 'main_price': '256,67', 'star': 4.5, 'review_count': 22347, 'values_changed': True}
2022-10-19 00:36:36 [DBG]: changed reviews_count to: 7709
2022-10-19 00:36:36 [DBG]: changed star to: 4.5
2022-10-19 00:36:36 [DBG]: added: {'id': 6, 'table_name': 'on-ear-kopfhoerer', 'main_url': 'https://amzn.to/3fSOg3a', 'main_price': '239,00', 'star': 4.5, 'review_count': 7709, 'values_changed': True}
2022-10-19 00:36:39 [DBG]: changed reviews_count to: 377
2022-10-19 00:36:39 [DBG]: changed star to: 4.0
2022-10-19 00:36:39 [DBG]: added: {'id': 7, 'table_name': 'on-ear-kopfhoerer', 'main_url': 'https://amzn.to/3ChExe0', 'main_price': '91,40', 'star': 4.0, 'review_count': 377, 'values_changed': True}
2022-10-19 00:36:42 [DBG]: changed reviews_count to: 2935
2022-10-19 00:36:42 [DBG]: changed star to: 4.4
2022-10-19 00:36:42 [DBG]: added: {'id': 8, 'table_name': 'on-ear-kopfhoerer', 'main_url': 'https://amzn.to/3RI3pRO', 'main_price': '265,00', 'star': 4.4, 'review_count': 2935, 'values_changed': True}
2022-10-19 00:36:42 [WAR]: skipped: {'id': 1, 'table_name': 'waschmaschinen', 'main_url': '', 'main_price': '', 'star': 0.0, 'review_count': 0, 'values_changed': False}
2022-10-19 00:36:42 [INF]: created list with new values: [[{'id': 1, 'table_name': 'on-ear-kopfhoerer', 'main_url': 'https://amzn.to/3V8qkZC', 'main_price': '269,99', 'star': 4.6, 'review_count': 11953, 'values_changed': True}, {'id': 2, 'table_name': 'on-ear-kopfhoerer', 'main_url': 'https://amzn.to/3ek33mK', 'main_price': '576,00', 'star': 4.6, 'review_count': 5229, 'values_changed': True}, {'id': 3, 'table_name': 'on-ear-kopfhoerer', 'main_url': 'https://amzn.to/3CEgesb', 'main_price': '389,99', 'star': 4.4, 'review_count': 1097, 'values_changed': True}, {'id': 4, 'table_name': 'on-ear-kopfhoerer', 'main_url': 'https://amzn.to/3V7pTi2', 'main_price': '279,00', 'star': 4.5, 'review_count': 9155, 'values_changed': True}, {'id': 5, 'table_name': 'on-ear-kopfhoerer', 'main_url': 'https://amzn.to/3fLL7Sw', 'main_price': '256,67', 'star': 4.5, 'review_count': 22347, 'values_changed': True}, {'id': 6, 'table_name': 'on-ear-kopfhoerer', 'main_url': 'https://amzn.to/3fSOg3a', 'main_price': '239,00', 'star': 4.5, 'review_count': 7709, 'values_changed': True}, {'id': 7, 'table_name': 'on-ear-kopfhoerer', 'main_url': 'https://amzn.to/3ChExe0', 'main_price': '91,40', 'star': 4.0, 'review_count': 377, 'values_changed': True}, {'id': 8, 'table_name': 'on-ear-kopfhoerer', 'main_url': 'https://amzn.to/3RI3pRO', 'main_price': '265,00', 'star': 4.4, 'review_count': 2935, 'values_changed': True}], []]
2022-10-19 00:39:39 [INF]: Started program
2022-10-19 00:39:39 [INF]: starting execution
2022-10-19 00:39:39 [DBG]: fetched product: {'id': 1, 'table_name': 'on-ear-kopfhoerer', 'main_url': 'https://amzn.to/3V8qkZC', 'main_price': '269,99', 'star': 4.6, 'review_count': 11953, 'values_changed': False}
2022-10-19 00:39:39 [DBG]: fetched product: {'id': 2, 'table_name': 'on-ear-kopfhoerer', 'main_url': 'https://amzn.to/3ek33mK', 'main_price': '576,00', 'star': 4.6, 'review_count': 5229, 'values_changed': False}
2022-10-19 00:39:39 [DBG]: fetched product: {'id': 3, 'table_name': 'on-ear-kopfhoerer', 'main_url': 'https://amzn.to/3CEgesb', 'main_price': '389,99', 'star': 4.4, 'review_count': 1097, 'values_changed': False}
2022-10-19 00:39:39 [DBG]: fetched product: {'id': 4, 'table_name': 'on-ear-kopfhoerer', 'main_url': 'https://amzn.to/3V7pTi2', 'main_price': '279,00', 'star': 4.5, 'review_count': 9155, 'values_changed': False}
2022-10-19 00:39:39 [DBG]: fetched product: {'id': 5, 'table_name': 'on-ear-kopfhoerer', 'main_url': 'https://amzn.to/3fLL7Sw', 'main_price': '256,67', 'star': 4.5, 'review_count': 22347, 'values_changed': False}
2022-10-19 00:39:39 [DBG]: fetched product: {'id': 6, 'table_name': 'on-ear-kopfhoerer', 'main_url': 'https://amzn.to/3fSOg3a', 'main_price': '239,00', 'star': 4.5, 'review_count': 7709, 'values_changed': False}
2022-10-19 00:39:39 [DBG]: fetched product: {'id': 7, 'table_name': 'on-ear-kopfhoerer', 'main_url': 'https://amzn.to/3ChExe0', 'main_price': '91,40', 'star': 4.0, 'review_count': 377, 'values_changed': False}
2022-10-19 00:39:39 [DBG]: fetched product: {'id': 8, 'table_name': 'on-ear-kopfhoerer', 'main_url': 'https://amzn.to/3RI3pRO', 'main_price': '265,00', 'star': 4.4, 'review_count': 2935, 'values_changed': False}
2022-10-19 00:39:39 [DBG]: fetched product: {'id': 1, 'table_name': 'waschmaschinen', 'main_url': '', 'main_price': '', 'star': 0.0, 'review_count': 0, 'values_changed': False}
2022-10-19 00:39:39 [DBG]: main list:[[{'id': 1, 'table_name': 'on-ear-kopfhoerer', 'main_url': 'https://amzn.to/3V8qkZC', 'main_price': '269,99', 'star': 4.6, 'review_count': 11953, 'values_changed': False}, {'id': 2, 'table_name': 'on-ear-kopfhoerer', 'main_url': 'https://amzn.to/3ek33mK', 'main_price': '576,00', 'star': 4.6, 'review_count': 5229, 'values_changed': False}, {'id': 3, 'table_name': 'on-ear-kopfhoerer', 'main_url': 'https://amzn.to/3CEgesb', 'main_price': '389,99', 'star': 4.4, 'review_count': 1097, 'values_changed': False}, {'id': 4, 'table_name': 'on-ear-kopfhoerer', 'main_url': 'https://amzn.to/3V7pTi2', 'main_price': '279,00', 'star': 4.5, 'review_count': 9155, 'values_changed': False}, {'id': 5, 'table_name': 'on-ear-kopfhoerer', 'main_url': 'https://amzn.to/3fLL7Sw', 'main_price': '256,67', 'star': 4.5, 'review_count': 22347, 'values_changed': False}, {'id': 6, 'table_name': 'on-ear-kopfhoerer', 'main_url': 'https://amzn.to/3fSOg3a', 'main_price': '239,00', 'star': 4.5, 'review_count': 7709, 'values_changed': False}, {'id': 7, 'table_name': 'on-ear-kopfhoerer', 'main_url': 'https://amzn.to/3ChExe0', 'main_price': '91,40', 'star': 4.0, 'review_count': 377, 'values_changed': False}, {'id': 8, 'table_name': 'on-ear-kopfhoerer', 'main_url': 'https://amzn.to/3RI3pRO', 'main_price': '265,00', 'star': 4.4, 'review_count': 2935, 'values_changed': False}], [{'id': 1, 'table_name': 'waschmaschinen', 'main_url': '', 'main_price': '', 'star': 0.0, 'review_count': 0, 'values_changed': False}]]
2022-10-19 00:39:42 [DBG]: added: {'id': 1, 'table_name': 'on-ear-kopfhoerer', 'main_url': 'https://amzn.to/3V8qkZC', 'main_price': '269,99', 'star': 4.6, 'review_count': 11953, 'values_changed': False}
2022-10-19 00:39:45 [DBG]: added: {'id': 2, 'table_name': 'on-ear-kopfhoerer', 'main_url': 'https://amzn.to/3ek33mK', 'main_price': '576,00', 'star': 4.6, 'review_count': 5229, 'values_changed': False}
2022-10-19 00:39:48 [DBG]: added: {'id': 3, 'table_name': 'on-ear-kopfhoerer', 'main_url': 'https://amzn.to/3CEgesb', 'main_price': '389,99', 'star': 4.4, 'review_count': 1097, 'values_changed': False}
2022-10-19 00:39:50 [DBG]: changed reviews_count to: 9156
2022-10-19 00:39:50 [DBG]: added: {'id': 4, 'table_name': 'on-ear-kopfhoerer', 'main_url': 'https://amzn.to/3V7pTi2', 'main_price': '279,00', 'star': 4.5, 'review_count': 9156, 'values_changed': True}
2022-10-19 00:39:53 [DBG]: added: {'id': 5, 'table_name': 'on-ear-kopfhoerer', 'main_url': 'https://amzn.to/3fLL7Sw', 'main_price': '256,67', 'star': 4.5, 'review_count': 22347, 'values_changed': False}
2022-10-19 00:39:56 [DBG]: added: {'id': 6, 'table_name': 'on-ear-kopfhoerer', 'main_url': 'https://amzn.to/3fSOg3a', 'main_price': '239,00', 'star': 4.5, 'review_count': 7709, 'values_changed': False}
2022-10-19 00:40:00 [DBG]: added: {'id': 7, 'table_name': 'on-ear-kopfhoerer', 'main_url': 'https://amzn.to/3ChExe0', 'main_price': '91,40', 'star': 4.0, 'review_count': 377, 'values_changed': False}
2022-10-19 00:40:02 [DBG]: added: {'id': 8, 'table_name': 'on-ear-kopfhoerer', 'main_url': 'https://amzn.to/3RI3pRO', 'main_price': '265,00', 'star': 4.4, 'review_count': 2935, 'values_changed': False}
2022-10-19 00:40:02 [WAR]: skipped: {'id': 1, 'table_name': 'waschmaschinen', 'main_url': '', 'main_price': '', 'star': 0.0, 'review_count': 0, 'values_changed': False}
2022-10-19 00:40:02 [INF]: created list with new values: [[{'id': 1, 'table_name': 'on-ear-kopfhoerer', 'main_url': 'https://amzn.to/3V8qkZC', 'main_price': '269,99', 'star': 4.6, 'review_count': 11953, 'values_changed': False}, {'id': 2, 'table_name': 'on-ear-kopfhoerer', 'main_url': 'https://amzn.to/3ek33mK', 'main_price': '576,00', 'star': 4.6, 'review_count': 5229, 'values_changed': False}, {'id': 3, 'table_name': 'on-ear-kopfhoerer', 'main_url': 'https://amzn.to/3CEgesb', 'main_price': '389,99', 'star': 4.4, 'review_count': 1097, 'values_changed': False}, {'id': 4, 'table_name': 'on-ear-kopfhoerer', 'main_url': 'https://amzn.to/3V7pTi2', 'main_price': '279,00', 'star': 4.5, 'review_count': 9156, 'values_changed': True}, {'id': 5, 'table_name': 'on-ear-kopfhoerer', 'main_url': 'https://amzn.to/3fLL7Sw', 'main_price': '256,67', 'star': 4.5, 'review_count': 22347, 'values_changed': False}, {'id': 6, 'table_name': 'on-ear-kopfhoerer', 'main_url': 'https://amzn.to/3fSOg3a', 'main_price': '239,00', 'star': 4.5, 'review_count': 7709, 'values_changed': False}, {'id': 7, 'table_name': 'on-ear-kopfhoerer', 'main_url': 'https://amzn.to/3ChExe0', 'main_price': '91,40', 'star': 4.0, 'review_count': 377, 'values_changed': False}, {'id': 8, 'table_name': 'on-ear-kopfhoerer', 'main_url': 'https://amzn.to/3RI3pRO', 'main_price': '265,00', 'star': 4.4, 'review_count': 2935, 'values_changed': False}], []]
2022-10-19 19:52:33 [INF]: Started program
2022-10-19 19:52:33 [INF]: starting execution
2022-10-19 19:52:33 [DBG]: fetched product: {'id': 1, 'table_name': 'on-ear-kopfhoerer', 'main_url': 'https://amzn.to/3V8qkZC', 'main_price': '269,99', 'star': 4.6, 'review_count': 11953, 'values_changed': False}
2022-10-19 19:52:33 [DBG]: fetched product: {'id': 2, 'table_name': 'on-ear-kopfhoerer', 'main_url': 'https://amzn.to/3ek33mK', 'main_price': '576,00', 'star': 4.6, 'review_count': 5229, 'values_changed': False}
2022-10-19 19:52:33 [DBG]: fetched product: {'id': 3, 'table_name': 'on-ear-kopfhoerer', 'main_url': 'https://amzn.to/3CEgesb', 'main_price': '389,99', 'star': 4.4, 'review_count': 1097, 'values_changed': False}
2022-10-19 19:52:33 [DBG]: fetched product: {'id': 4, 'table_name': 'on-ear-kopfhoerer', 'main_url': 'https://amzn.to/3V7pTi2', 'main_price': '279,00', 'star': 4.5, 'review_count': 9156, 'values_changed': False}
2022-10-19 19:52:33 [DBG]: fetched product: {'id': 5, 'table_name': 'on-ear-kopfhoerer', 'main_url': 'https://amzn.to/3fLL7Sw', 'main_price': '256,67', 'star': 4.5, 'review_count': 22347, 'values_changed': False}
2022-10-19 19:52:33 [DBG]: fetched product: {'id': 6, 'table_name': 'on-ear-kopfhoerer', 'main_url': 'https://amzn.to/3fSOg3a', 'main_price': '239,00', 'star': 4.5, 'review_count': 7709, 'values_changed': False}
2022-10-19 19:52:33 [DBG]: fetched product: {'id': 7, 'table_name': 'on-ear-kopfhoerer', 'main_url': 'https://amzn.to/3ChExe0', 'main_price': '91,40', 'star': 4.0, 'review_count': 377, 'values_changed': False}
2022-10-19 19:52:33 [DBG]: fetched product: {'id': 8, 'table_name': 'on-ear-kopfhoerer', 'main_url': 'https://amzn.to/3RI3pRO', 'main_price': '265,00', 'star': 4.4, 'review_count': 2935, 'values_changed': False}
2022-10-19 19:52:33 [DBG]: fetched product: {'id': 1, 'table_name': 'waschmaschinen', 'main_url': '', 'main_price': '', 'star': 0.0, 'review_count': 0, 'values_changed': False}
2022-10-19 19:52:33 [DBG]: main list:[[{'id': 1, 'table_name': 'on-ear-kopfhoerer', 'main_url': 'https://amzn.to/3V8qkZC', 'main_price': '269,99', 'star': 4.6, 'review_count': 11953, 'values_changed': False}, {'id': 2, 'table_name': 'on-ear-kopfhoerer', 'main_url': 'https://amzn.to/3ek33mK', 'main_price': '576,00', 'star': 4.6, 'review_count': 5229, 'values_changed': False}, {'id': 3, 'table_name': 'on-ear-kopfhoerer', 'main_url': 'https://amzn.to/3CEgesb', 'main_price': '389,99', 'star': 4.4, 'review_count': 1097, 'values_changed': False}, {'id': 4, 'table_name': 'on-ear-kopfhoerer', 'main_url': 'https://amzn.to/3V7pTi2', 'main_price': '279,00', 'star': 4.5, 'review_count': 9156, 'values_changed': False}, {'id': 5, 'table_name': 'on-ear-kopfhoerer', 'main_url': 'https://amzn.to/3fLL7Sw', 'main_price': '256,67', 'star': 4.5, 'review_count': 22347, 'values_changed': False}, {'id': 6, 'table_name': 'on-ear-kopfhoerer', 'main_url': 'https://amzn.to/3fSOg3a', 'main_price': '239,00', 'star': 4.5, 'review_count': 7709, 'values_changed': False}, {'id': 7, 'table_name': 'on-ear-kopfhoerer', 'main_url': 'https://amzn.to/3ChExe0', 'main_price': '91,40', 'star': 4.0, 'review_count': 377, 'values_changed': False}, {'id': 8, 'table_name': 'on-ear-kopfhoerer', 'main_url': 'https://amzn.to/3RI3pRO', 'main_price': '265,00', 'star': 4.4, 'review_count': 2935, 'values_changed': False}], [{'id': 1, 'table_name': 'waschmaschinen', 'main_url': '', 'main_price': '', 'star': 0.0, 'review_count': 0, 'values_changed': False}]]
2022-10-19 19:52:36 [DBG]: changed reviews_count to: 11972
2022-10-19 19:52:36 [DBG]: added: {'id': 1, 'table_name': 'on-ear-kopfhoerer', 'main_url': 'https://amzn.to/3V8qkZC', 'main_price': '269,99', 'star': 4.6, 'review_count': 11972, 'values_changed': True}
2022-10-19 19:52:39 [DBG]: changed main_price to: 564,28
2022-10-19 19:52:39 [DBG]: changed reviews_count to: 5238
2022-10-19 19:52:39 [DBG]: added: {'id': 2, 'table_name': 'on-ear-kopfhoerer', 'main_url': 'https://amzn.to/3ek33mK', 'main_price': '564,28', 'star': 4.6, 'review_count': 5238, 'values_changed': True}
2022-10-19 19:52:43 [DBG]: changed reviews_count to: 1103
2022-10-19 19:52:43 [DBG]: added: {'id': 3, 'table_name': 'on-ear-kopfhoerer', 'main_url': 'https://amzn.to/3CEgesb', 'main_price': '389,99', 'star': 4.4, 'review_count': 1103, 'values_changed': True}
2022-10-19 19:52:46 [DBG]: changed reviews_count to: 9167
2022-10-19 19:52:46 [DBG]: added: {'id': 4, 'table_name': 'on-ear-kopfhoerer', 'main_url': 'https://amzn.to/3V7pTi2', 'main_price': '279,00', 'star': 4.5, 'review_count': 9167, 'values_changed': True}
2022-10-19 19:52:48 [DBG]: changed main_price to: 278,00
2022-10-19 19:52:48 [DBG]: changed reviews_count to: 22360
2022-10-19 19:52:48 [DBG]: added: {'id': 5, 'table_name': 'on-ear-kopfhoerer', 'main_url': 'https://amzn.to/3fLL7Sw', 'main_price': '278,00', 'star': 4.5, 'review_count': 22360, 'values_changed': True}
2022-10-19 19:52:52 [DBG]: changed reviews_count to: 7731
2022-10-19 19:52:52 [DBG]: added: {'id': 6, 'table_name': 'on-ear-kopfhoerer', 'main_url': 'https://amzn.to/3fSOg3a', 'main_price': '239,00', 'star': 4.5, 'review_count': 7731, 'values_changed': True}
2022-10-19 19:52:55 [DBG]: added: {'id': 7, 'table_name': 'on-ear-kopfhoerer', 'main_url': 'https://amzn.to/3ChExe0', 'main_price': '91,40', 'star': 4.0, 'review_count': 377, 'values_changed': False}
2022-10-19 19:52:58 [DBG]: changed reviews_count to: 2938
2022-10-19 19:52:58 [DBG]: added: {'id': 8, 'table_name': 'on-ear-kopfhoerer', 'main_url': 'https://amzn.to/3RI3pRO', 'main_price': '265,00', 'star': 4.4, 'review_count': 2938, 'values_changed': True}
2022-10-19 19:52:58 [WAR]: skipped: {'id': 1, 'table_name': 'waschmaschinen', 'main_url': '', 'main_price': '', 'star': 0.0, 'review_count': 0, 'values_changed': False}
2022-10-19 19:52:58 [INF]: created list with new values: [[{'id': 1, 'table_name': 'on-ear-kopfhoerer', 'main_url': 'https://amzn.to/3V8qkZC', 'main_price': '269,99', 'star': 4.6, 'review_count': 11972, 'values_changed': True}, {'id': 2, 'table_name': 'on-ear-kopfhoerer', 'main_url': 'https://amzn.to/3ek33mK', 'main_price': '564,28', 'star': 4.6, 'review_count': 5238, 'values_changed': True}, {'id': 3, 'table_name': 'on-ear-kopfhoerer', 'main_url': 'https://amzn.to/3CEgesb', 'main_price': '389,99', 'star': 4.4, 'review_count': 1103, 'values_changed': True}, {'id': 4, 'table_name': 'on-ear-kopfhoerer', 'main_url': 'https://amzn.to/3V7pTi2', 'main_price': '279,00', 'star': 4.5, 'review_count': 9167, 'values_changed': True}, {'id': 5, 'table_name': 'on-ear-kopfhoerer', 'main_url': 'https://amzn.to/3fLL7Sw', 'main_price': '278,00', 'star': 4.5, 'review_count': 22360, 'values_changed': True}, {'id': 6, 'table_name': 'on-ear-kopfhoerer', 'main_url': 'https://amzn.to/3fSOg3a', 'main_price': '239,00', 'star': 4.5, 'review_count': 7731, 'values_changed': True}, {'id': 7, 'table_name': 'on-ear-kopfhoerer', 'main_url': 'https://amzn.to/3ChExe0', 'main_price': '91,40', 'star': 4.0, 'review_count': 377, 'values_changed': False}, {'id': 8, 'table_name': 'on-ear-kopfhoerer', 'main_url': 'https://amzn.to/3RI3pRO', 'main_price': '265,00', 'star': 4.4, 'review_count': 2938, 'values_changed': True}], []]
2022-10-19 19:52:58 [INF]: saving and closing db!
2022-10-19 19:54:56 [INF]: Started program
2022-10-19 19:54:56 [INF]: starting execution
2022-10-19 19:54:56 [DBG]: fetched product: {'id': 1, 'table_name': 'on-ear-kopfhoerer', 'main_url': 'https://amzn.to/3V8qkZC', 'main_price': '269,99', 'star': 4.6, 'review_count': 11972, 'values_changed': False}
2022-10-19 19:54:56 [DBG]: fetched product: {'id': 2, 'table_name': 'on-ear-kopfhoerer', 'main_url': 'https://amzn.to/3ek33mK', 'main_price': '564,28', 'star': 4.6, 'review_count': 5238, 'values_changed': False}
2022-10-19 19:54:56 [DBG]: fetched product: {'id': 3, 'table_name': 'on-ear-kopfhoerer', 'main_url': 'https://amzn.to/3CEgesb', 'main_price': '389,99', 'star': 4.4, 'review_count': 1103, 'values_changed': False}
2022-10-19 19:54:56 [DBG]: fetched product: {'id': 4, 'table_name': 'on-ear-kopfhoerer', 'main_url': 'https://amzn.to/3V7pTi2', 'main_price': '279,00', 'star': 4.5, 'review_count': 9167, 'values_changed': False}
2022-10-19 19:54:56 [DBG]: fetched product: {'id': 5, 'table_name': 'on-ear-kopfhoerer', 'main_url': 'https://amzn.to/3fLL7Sw', 'main_price': '278,00', 'star': 4.5, 'review_count': 22360, 'values_changed': False}
2022-10-19 19:54:56 [DBG]: fetched product: {'id': 6, 'table_name': 'on-ear-kopfhoerer', 'main_url': 'https://amzn.to/3fSOg3a', 'main_price': '239,00', 'star': 4.5, 'review_count': 7731, 'values_changed': False}
2022-10-19 19:54:56 [DBG]: fetched product: {'id': 7, 'table_name': 'on-ear-kopfhoerer', 'main_url': 'https://amzn.to/3ChExe0', 'main_price': '91,40', 'star': 4.0, 'review_count': 377, 'values_changed': False}
2022-10-19 19:54:56 [DBG]: fetched product: {'id': 8, 'table_name': 'on-ear-kopfhoerer', 'main_url': 'https://amzn.to/3RI3pRO', 'main_price': '265,00', 'star': 4.4, 'review_count': 2938, 'values_changed': False}
2022-10-19 19:54:56 [DBG]: fetched product: {'id': 1, 'table_name': 'waschmaschinen', 'main_url': '', 'main_price': '', 'star': 0.0, 'review_count': 0, 'values_changed': False}
2022-10-19 19:54:56 [DBG]: main list:[[{'id': 1, 'table_name': 'on-ear-kopfhoerer', 'main_url': 'https://amzn.to/3V8qkZC', 'main_price': '269,99', 'star': 4.6, 'review_count': 11972, 'values_changed': False}, {'id': 2, 'table_name': 'on-ear-kopfhoerer', 'main_url': 'https://amzn.to/3ek33mK', 'main_price': '564,28', 'star': 4.6, 'review_count': 5238, 'values_changed': False}, {'id': 3, 'table_name': 'on-ear-kopfhoerer', 'main_url': 'https://amzn.to/3CEgesb', 'main_price': '389,99', 'star': 4.4, 'review_count': 1103, 'values_changed': False}, {'id': 4, 'table_name': 'on-ear-kopfhoerer', 'main_url': 'https://amzn.to/3V7pTi2', 'main_price': '279,00', 'star': 4.5, 'review_count': 9167, 'values_changed': False}, {'id': 5, 'table_name': 'on-ear-kopfhoerer', 'main_url': 'https://amzn.to/3fLL7Sw', 'main_price': '278,00', 'star': 4.5, 'review_count': 22360, 'values_changed': False}, {'id': 6, 'table_name': 'on-ear-kopfhoerer', 'main_url': 'https://amzn.to/3fSOg3a', 'main_price': '239,00', 'star': 4.5, 'review_count': 7731, 'values_changed': False}, {'id': 7, 'table_name': 'on-ear-kopfhoerer', 'main_url': 'https://amzn.to/3ChExe0', 'main_price': '91,40', 'star': 4.0, 'review_count': 377, 'values_changed': False}, {'id': 8, 'table_name': 'on-ear-kopfhoerer', 'main_url': 'https://amzn.to/3RI3pRO', 'main_price': '265,00', 'star': 4.4, 'review_count': 2938, 'values_changed': False}], [{'id': 1, 'table_name': 'waschmaschinen', 'main_url': '', 'main_price': '', 'star': 0.0, 'review_count': 0, 'values_changed': False}]]
2022-10-19 19:54:59 [DBG]: added: {'id': 1, 'table_name': 'on-ear-kopfhoerer', 'main_url': 'https://amzn.to/3V8qkZC', 'main_price': '269,99', 'star': 4.6, 'review_count': 11972, 'values_changed': False}
2022-10-19 19:55:01 [DBG]: added: {'id': 2, 'table_name': 'on-ear-kopfhoerer', 'main_url': 'https://amzn.to/3ek33mK', 'main_price': '564,28', 'star': 4.6, 'review_count': 5238, 'values_changed': False}
2022-10-19 19:55:05 [DBG]: added: {'id': 3, 'table_name': 'on-ear-kopfhoerer', 'main_url': 'https://amzn.to/3CEgesb', 'main_price': '389,99', 'star': 4.4, 'review_count': 1103, 'values_changed': False}
2022-10-19 19:55:08 [DBG]: added: {'id': 4, 'table_name': 'on-ear-kopfhoerer', 'main_url': 'https://amzn.to/3V7pTi2', 'main_price': '279,00', 'star': 4.5, 'review_count': 9167, 'values_changed': False}
2022-10-19 19:55:11 [DBG]: added: {'id': 5, 'table_name': 'on-ear-kopfhoerer', 'main_url': 'https://amzn.to/3fLL7Sw', 'main_price': '278,00', 'star': 4.5, 'review_count': 22360, 'values_changed': False}
2022-10-19 19:55:14 [DBG]: added: {'id': 6, 'table_name': 'on-ear-kopfhoerer', 'main_url': 'https://amzn.to/3fSOg3a', 'main_price': '239,00', 'star': 4.5, 'review_count': 7731, 'values_changed': False}
2022-10-19 19:55:17 [DBG]: added: {'id': 7, 'table_name': 'on-ear-kopfhoerer', 'main_url': 'https://amzn.to/3ChExe0', 'main_price': '91,40', 'star': 4.0, 'review_count': 377, 'values_changed': False}
2022-10-19 19:55:20 [DBG]: added: {'id': 8, 'table_name': 'on-ear-kopfhoerer', 'main_url': 'https://amzn.to/3RI3pRO', 'main_price': '265,00', 'star': 4.4, 'review_count': 2938, 'values_changed': False}
2022-10-19 19:55:20 [WAR]: skipped: {'id': 1, 'table_name': 'waschmaschinen', 'main_url': '', 'main_price': '', 'star': 0.0, 'review_count': 0, 'values_changed': False}
2022-10-19 19:55:20 [INF]: created list with new values: [[{'id': 1, 'table_name': 'on-ear-kopfhoerer', 'main_url': 'https://amzn.to/3V8qkZC', 'main_price': '269,99', 'star': 4.6, 'review_count': 11972, 'values_changed': False}, {'id': 2, 'table_name': 'on-ear-kopfhoerer', 'main_url': 'https://amzn.to/3ek33mK', 'main_price': '564,28', 'star': 4.6, 'review_count': 5238, 'values_changed': False}, {'id': 3, 'table_name': 'on-ear-kopfhoerer', 'main_url': 'https://amzn.to/3CEgesb', 'main_price': '389,99', 'star': 4.4, 'review_count': 1103, 'values_changed': False}, {'id': 4, 'table_name': 'on-ear-kopfhoerer', 'main_url': 'https://amzn.to/3V7pTi2', 'main_price': '279,00', 'star': 4.5, 'review_count': 9167, 'values_changed': False}, {'id': 5, 'table_name': 'on-ear-kopfhoerer', 'main_url': 'https://amzn.to/3fLL7Sw', 'main_price': '278,00', 'star': 4.5, 'review_count': 22360, 'values_changed': False}, {'id': 6, 'table_name': 'on-ear-kopfhoerer', 'main_url': 'https://amzn.to/3fSOg3a', 'main_price': '239,00', 'star': 4.5, 'review_count': 7731, 'values_changed': False}, {'id': 7, 'table_name': 'on-ear-kopfhoerer', 'main_url': 'https://amzn.to/3ChExe0', 'main_price': '91,40', 'star': 4.0, 'review_count': 377, 'values_changed': False}, {'id': 8, 'table_name': 'on-ear-kopfhoerer', 'main_url': 'https://amzn.to/3RI3pRO', 'main_price': '265,00', 'star': 4.4, 'review_count': 2938, 'values_changed': False}], []]
2022-10-19 19:55:20 [INF]: saving and closing db!
2022-10-19 20:32:05 [INF]: Stopping
